[0.015s] Invoking command in '/home/shivam/so100/build/gz_ros2_control': CMAKE_PREFIX_PATH=${CMAKE_PREFIX_PATH}:/opt/ros/humble /home/shivam/.local/bin/cmake --build /home/shivam/so100/build/gz_ros2_control -- -j12 -l12
[0.129s] [0mCMake Deprecation Warning at CMakeLists.txt:1 (cmake_minimum_required):
[0.129s]   Compatibility with CMake < 3.10 will be removed from a future version of
[0.129s]   CMake.
[0.129s] 
[0.129s]   Update the VERSION argument <min> value.  Or, use the <min>...<max> syntax
[0.130s]   to tell CMake that the project requires at least <min> but has been updated
[0.130s]   to work with policies introduced by <max> or earlier.
[0.130s] 
[0.130s] [0m
[0.140s] -- Found ament_cmake: 1.3.14 (/opt/ros/humble/share/ament_cmake/cmake)
[0.415s] -- Found ament_index_cpp: 1.4.1 (/opt/ros/humble/share/ament_index_cpp/cmake)
[0.416s] -- Found controller_manager: 2.53.1 (/opt/ros/humble/share/controller_manager/cmake)
[0.479s] -- Found rosidl_generator_c: 3.1.8 (/opt/ros/humble/share/rosidl_generator_c/cmake)
[0.483s] -- Found rosidl_adapter: 3.1.8 (/opt/ros/humble/share/rosidl_adapter/cmake)
[0.493s] -- Found rosidl_generator_cpp: 3.1.8 (/opt/ros/humble/share/rosidl_generator_cpp/cmake)
[0.508s] -- Using all available rosidl_typesupport_c: rosidl_typesupport_fastrtps_c;rosidl_typesupport_introspection_c
[0.527s] -- Using all available rosidl_typesupport_cpp: rosidl_typesupport_fastrtps_cpp;rosidl_typesupport_introspection_cpp
[0.822s] -- Found rmw_implementation_cmake: 6.1.2 (/opt/ros/humble/share/rmw_implementation_cmake/cmake)
[0.824s] -- Found rmw_fastrtps_cpp: 6.2.10 (/opt/ros/humble/share/rmw_fastrtps_cpp/cmake)
[0.858s] -- Found TinyXML2 via Config file: TinyXML2_DIR-NOTFOUND
[0.872s] -- Found TinyXML2 via Config file: TinyXML2_DIR-NOTFOUND
[0.899s] -- Found TinyXML2 via Config file: TinyXML2_DIR-NOTFOUND
[0.912s] -- Found TinyXML2 via Config file: TinyXML2_DIR-NOTFOUND
[0.929s] -- Using RMW implementation 'rmw_fastrtps_cpp' as default
[1.066s] -- Found yaml_cpp_vendor: 8.0.2 (/opt/ros/humble/share/yaml_cpp_vendor/cmake)
[1.078s] [31mCMake Error at CMakeLists.txt:40 (find_package):
[1.078s]   By not providing "Findignition-gazebo6.cmake" in CMAKE_MODULE_PATH this
[1.078s]   project has asked CMake to find a package configuration file provided by
[1.079s]   "ignition-gazebo6", but CMake did not find one.
[1.079s] 
[1.079s]   Could not find a package configuration file provided by "ignition-gazebo6"
[1.079s]   with any of the following names:
[1.079s] 
[1.079s]     ignition-gazebo6Config.cmake
[1.079s]     ignition-gazebo6-config.cmake
[1.079s] 
[1.079s]   Add the installation prefix of "ignition-gazebo6" to CMAKE_PREFIX_PATH or
[1.079s]   set "ignition-gazebo6_DIR" to a directory containing one of the above
[1.079s]   files.  If "ignition-gazebo6" provides a separate development package or
[1.080s]   SDK, be sure it has been installed.
[1.080s] 
[1.080s] [0m
[1.080s] -- Configuring incomplete, errors occurred!
[1.088s] gmake: *** [Makefile:325: cmake_check_build_system] Error 1
[1.090s] Invoked command in '/home/shivam/so100/build/gz_ros2_control' returned '2': CMAKE_PREFIX_PATH=${CMAKE_PREFIX_PATH}:/opt/ros/humble /home/shivam/.local/bin/cmake --build /home/shivam/so100/build/gz_ros2_control -- -j12 -l12
