[0.058s] DEBUG:colcon:Command line arguments: ['/usr/bin/colcon', 'build', '--symlink-install']
[0.058s] DEBUG:colcon:Parsed command line arguments: Namespace(log_base=None, log_level=None, verb_name='build', build_base='build', install_base='install', merge_install=False, symlink_install=True, test_result_base=None, continue_on_error=False, executor='parallel', parallel_workers=12, event_handlers=None, ignore_user_meta=False, metas=['./colcon.meta'], base_paths=['.'], packages_ignore=None, packages_ignore_regex=None, paths=None, packages_up_to=None, packages_up_to_regex=None, packages_above=None, packages_above_and_dependencies=None, packages_above_depth=None, packages_select_by_dep=None, packages_skip_by_dep=None, packages_skip_up_to=None, packages_select_build_failed=False, packages_skip_build_finished=False, packages_select_test_failures=False, packages_skip_test_passed=False, packages_select=None, packages_skip=None, packages_select_regex=None, packages_skip_regex=None, packages_start=None, packages_end=None, allow_overriding=[], cmake_args=None, cmake_target=None, cmake_target_skip_unavailable=False, cmake_clean_cache=False, cmake_clean_first=False, cmake_force_configure=False, ament_cmake_args=None, catkin_cmake_args=None, catkin_skip_building_tests=False, verb_parser=<colcon_defaults.argument_parser.defaults.DefaultArgumentsDecorator object at 0x715bc1a85d80>, verb_extension=<colcon_core.verb.build.BuildVerb object at 0x715bc1a85780>, main=<bound method BuildVerb.main of <colcon_core.verb.build.BuildVerb object at 0x715bc1a85780>>)
[0.081s] Level 1:colcon.colcon_core.package_discovery:discover_packages(colcon_meta) check parameters
[0.081s] Level 1:colcon.colcon_core.package_discovery:discover_packages(recursive) check parameters
[0.081s] Level 1:colcon.colcon_core.package_discovery:discover_packages(ignore) check parameters
[0.081s] Level 1:colcon.colcon_core.package_discovery:discover_packages(path) check parameters
[0.081s] Level 1:colcon.colcon_core.package_discovery:discover_packages(colcon_meta) discover
[0.081s] Level 1:colcon.colcon_core.package_discovery:discover_packages(recursive) discover
[0.081s] INFO:colcon.colcon_core.package_discovery:Crawling recursively for packages in '/home/shivam/so100'
[0.081s] Level 1:colcon.colcon_core.package_identification:_identify(.) by extensions ['ignore', 'ignore_ament_install']
[0.081s] Level 1:colcon.colcon_core.package_identification:_identify(.) by extension 'ignore'
[0.081s] Level 1:colcon.colcon_core.package_identification:_identify(.) by extension 'ignore_ament_install'
[0.081s] Level 1:colcon.colcon_core.package_identification:_identify(.) by extensions ['colcon_pkg']
[0.081s] Level 1:colcon.colcon_core.package_identification:_identify(.) by extension 'colcon_pkg'
[0.081s] Level 1:colcon.colcon_core.package_identification:_identify(.) by extensions ['colcon_meta']
[0.081s] Level 1:colcon.colcon_core.package_identification:_identify(.) by extension 'colcon_meta'
[0.081s] Level 1:colcon.colcon_core.package_identification:_identify(.) by extensions ['ros']
[0.081s] Level 1:colcon.colcon_core.package_identification:_identify(.) by extension 'ros'
[0.090s] Level 1:colcon.colcon_core.package_identification:_identify(.) by extensions ['cmake', 'python']
[0.090s] Level 1:colcon.colcon_core.package_identification:_identify(.) by extension 'cmake'
[0.090s] Level 1:colcon.colcon_core.package_identification:_identify(.) by extension 'python'
[0.090s] Level 1:colcon.colcon_core.package_identification:_identify(.) by extensions ['python_setup_py']
[0.090s] Level 1:colcon.colcon_core.package_identification:_identify(.) by extension 'python_setup_py'
[0.090s] Level 1:colcon.colcon_core.package_identification:_identify(build) by extensions ['ignore', 'ignore_ament_install']
[0.090s] Level 1:colcon.colcon_core.package_identification:_identify(build) by extension 'ignore'
[0.090s] Level 1:colcon.colcon_core.package_identification:_identify(build) ignored
[0.090s] Level 1:colcon.colcon_core.package_identification:_identify(install) by extensions ['ignore', 'ignore_ament_install']
[0.090s] Level 1:colcon.colcon_core.package_identification:_identify(install) by extension 'ignore'
[0.090s] Level 1:colcon.colcon_core.package_identification:_identify(install) ignored
[0.090s] Level 1:colcon.colcon_core.package_identification:_identify(log) by extensions ['ignore', 'ignore_ament_install']
[0.090s] Level 1:colcon.colcon_core.package_identification:_identify(log) by extension 'ignore'
[0.090s] Level 1:colcon.colcon_core.package_identification:_identify(log) ignored
[0.090s] Level 1:colcon.colcon_core.package_identification:_identify(src) by extensions ['ignore', 'ignore_ament_install']
[0.090s] Level 1:colcon.colcon_core.package_identification:_identify(src) by extension 'ignore'
[0.090s] Level 1:colcon.colcon_core.package_identification:_identify(src) by extension 'ignore_ament_install'
[0.090s] Level 1:colcon.colcon_core.package_identification:_identify(src) by extensions ['colcon_pkg']
[0.090s] Level 1:colcon.colcon_core.package_identification:_identify(src) by extension 'colcon_pkg'
[0.090s] Level 1:colcon.colcon_core.package_identification:_identify(src) by extensions ['colcon_meta']
[0.090s] Level 1:colcon.colcon_core.package_identification:_identify(src) by extension 'colcon_meta'
[0.090s] Level 1:colcon.colcon_core.package_identification:_identify(src) by extensions ['ros']
[0.090s] Level 1:colcon.colcon_core.package_identification:_identify(src) by extension 'ros'
[0.090s] Level 1:colcon.colcon_core.package_identification:_identify(src) by extensions ['cmake', 'python']
[0.090s] Level 1:colcon.colcon_core.package_identification:_identify(src) by extension 'cmake'
[0.090s] Level 1:colcon.colcon_core.package_identification:_identify(src) by extension 'python'
[0.090s] Level 1:colcon.colcon_core.package_identification:_identify(src) by extensions ['python_setup_py']
[0.090s] Level 1:colcon.colcon_core.package_identification:_identify(src) by extension 'python_setup_py'
[0.090s] Level 1:colcon.colcon_core.package_identification:_identify(src/so100_description) by extensions ['ignore', 'ignore_ament_install']
[0.090s] Level 1:colcon.colcon_core.package_identification:_identify(src/so100_description) by extension 'ignore'
[0.090s] Level 1:colcon.colcon_core.package_identification:_identify(src/so100_description) by extension 'ignore_ament_install'
[0.091s] Level 1:colcon.colcon_core.package_identification:_identify(src/so100_description) by extensions ['colcon_pkg']
[0.091s] Level 1:colcon.colcon_core.package_identification:_identify(src/so100_description) by extension 'colcon_pkg'
[0.091s] Level 1:colcon.colcon_core.package_identification:_identify(src/so100_description) by extensions ['colcon_meta']
[0.091s] Level 1:colcon.colcon_core.package_identification:_identify(src/so100_description) by extension 'colcon_meta'
[0.091s] Level 1:colcon.colcon_core.package_identification:_identify(src/so100_description) by extensions ['ros']
[0.091s] Level 1:colcon.colcon_core.package_identification:_identify(src/so100_description) by extension 'ros'
[0.092s] DEBUG:colcon.colcon_core.package_identification:Package 'src/so100_description' with type 'ros.ament_cmake' and name 'so100_description'
[0.092s] Level 1:colcon.colcon_core.package_identification:_identify(src/so100_simulation) by extensions ['ignore', 'ignore_ament_install']
[0.092s] Level 1:colcon.colcon_core.package_identification:_identify(src/so100_simulation) by extension 'ignore'
[0.092s] Level 1:colcon.colcon_core.package_identification:_identify(src/so100_simulation) by extension 'ignore_ament_install'
[0.092s] Level 1:colcon.colcon_core.package_identification:_identify(src/so100_simulation) by extensions ['colcon_pkg']
[0.092s] Level 1:colcon.colcon_core.package_identification:_identify(src/so100_simulation) by extension 'colcon_pkg'
[0.092s] Level 1:colcon.colcon_core.package_identification:_identify(src/so100_simulation) by extensions ['colcon_meta']
[0.092s] Level 1:colcon.colcon_core.package_identification:_identify(src/so100_simulation) by extension 'colcon_meta'
[0.092s] Level 1:colcon.colcon_core.package_identification:_identify(src/so100_simulation) by extensions ['ros']
[0.092s] Level 1:colcon.colcon_core.package_identification:_identify(src/so100_simulation) by extension 'ros'
[0.092s] DEBUG:colcon.colcon_core.package_identification:Package 'src/so100_simulation' with type 'ros.ament_cmake' and name 'so100_simulation'
[0.092s] Level 1:colcon.colcon_core.package_discovery:discover_packages(recursive) using defaults
[0.092s] Level 1:colcon.colcon_core.package_discovery:discover_packages(ignore) discover
[0.092s] Level 1:colcon.colcon_core.package_discovery:discover_packages(ignore) using defaults
[0.092s] Level 1:colcon.colcon_core.package_discovery:discover_packages(path) discover
[0.092s] Level 1:colcon.colcon_core.package_discovery:discover_packages(path) using defaults
[0.104s] Level 1:colcon.colcon_core.package_discovery:discover_packages(prefix_path) check parameters
[0.104s] Level 1:colcon.colcon_core.package_discovery:discover_packages(prefix_path) discover
[0.105s] DEBUG:colcon.colcon_installed_package_information.package_discovery:Found 2 installed packages in /home/shivam/so100/install
[0.106s] DEBUG:colcon.colcon_installed_package_information.package_discovery:Found 320 installed packages in /opt/ros/humble
[0.107s] Level 1:colcon.colcon_core.package_discovery:discover_packages(prefix_path) using defaults
[0.126s] Level 5:colcon.colcon_core.verb:set package 'so100_description' build argument 'cmake_args' from command line to 'None'
[0.126s] Level 5:colcon.colcon_core.verb:set package 'so100_description' build argument 'cmake_target' from command line to 'None'
[0.126s] Level 5:colcon.colcon_core.verb:set package 'so100_description' build argument 'cmake_target_skip_unavailable' from command line to 'False'
[0.126s] Level 5:colcon.colcon_core.verb:set package 'so100_description' build argument 'cmake_clean_cache' from command line to 'False'
[0.126s] Level 5:colcon.colcon_core.verb:set package 'so100_description' build argument 'cmake_clean_first' from command line to 'False'
[0.126s] Level 5:colcon.colcon_core.verb:set package 'so100_description' build argument 'cmake_force_configure' from command line to 'False'
[0.126s] Level 5:colcon.colcon_core.verb:set package 'so100_description' build argument 'ament_cmake_args' from command line to 'None'
[0.126s] Level 5:colcon.colcon_core.verb:set package 'so100_description' build argument 'catkin_cmake_args' from command line to 'None'
[0.126s] Level 5:colcon.colcon_core.verb:set package 'so100_description' build argument 'catkin_skip_building_tests' from command line to 'False'
[0.126s] DEBUG:colcon.colcon_core.verb:Building package 'so100_description' with the following arguments: {'ament_cmake_args': None, 'build_base': '/home/shivam/so100/build/so100_description', 'catkin_cmake_args': None, 'catkin_skip_building_tests': False, 'cmake_args': None, 'cmake_clean_cache': False, 'cmake_clean_first': False, 'cmake_force_configure': False, 'cmake_target': None, 'cmake_target_skip_unavailable': False, 'install_base': '/home/shivam/so100/install/so100_description', 'merge_install': False, 'path': '/home/shivam/so100/src/so100_description', 'symlink_install': True, 'test_result_base': None}
[0.126s] Level 5:colcon.colcon_core.verb:set package 'so100_simulation' build argument 'cmake_args' from command line to 'None'
[0.126s] Level 5:colcon.colcon_core.verb:set package 'so100_simulation' build argument 'cmake_target' from command line to 'None'
[0.126s] Level 5:colcon.colcon_core.verb:set package 'so100_simulation' build argument 'cmake_target_skip_unavailable' from command line to 'False'
[0.126s] Level 5:colcon.colcon_core.verb:set package 'so100_simulation' build argument 'cmake_clean_cache' from command line to 'False'
[0.126s] Level 5:colcon.colcon_core.verb:set package 'so100_simulation' build argument 'cmake_clean_first' from command line to 'False'
[0.126s] Level 5:colcon.colcon_core.verb:set package 'so100_simulation' build argument 'cmake_force_configure' from command line to 'False'
[0.126s] Level 5:colcon.colcon_core.verb:set package 'so100_simulation' build argument 'ament_cmake_args' from command line to 'None'
[0.126s] Level 5:colcon.colcon_core.verb:set package 'so100_simulation' build argument 'catkin_cmake_args' from command line to 'None'
[0.126s] Level 5:colcon.colcon_core.verb:set package 'so100_simulation' build argument 'catkin_skip_building_tests' from command line to 'False'
[0.126s] DEBUG:colcon.colcon_core.verb:Building package 'so100_simulation' with the following arguments: {'ament_cmake_args': None, 'build_base': '/home/shivam/so100/build/so100_simulation', 'catkin_cmake_args': None, 'catkin_skip_building_tests': False, 'cmake_args': None, 'cmake_clean_cache': False, 'cmake_clean_first': False, 'cmake_force_configure': False, 'cmake_target': None, 'cmake_target_skip_unavailable': False, 'install_base': '/home/shivam/so100/install/so100_simulation', 'merge_install': False, 'path': '/home/shivam/so100/src/so100_simulation', 'symlink_install': True, 'test_result_base': None}
[0.126s] INFO:colcon.colcon_core.executor:Executing jobs using 'parallel' executor
[0.127s] DEBUG:colcon.colcon_parallel_executor.executor.parallel:run_until_complete
[0.127s] INFO:colcon.colcon_ros.task.ament_cmake.build:Building ROS package in '/home/shivam/so100/src/so100_description' with build type 'ament_cmake'
[0.127s] INFO:colcon.colcon_cmake.task.cmake.build:Building CMake package in '/home/shivam/so100/src/so100_description'
[0.129s] INFO:colcon.colcon_core.plugin_system:Skipping extension 'colcon_core.shell.bat': Not used on non-Windows systems
[0.129s] INFO:colcon.colcon_core.shell:Skip shell extension 'powershell' for command environment: Not usable outside of PowerShell
[0.129s] DEBUG:colcon.colcon_core.shell:Skip shell extension 'dsv' for command environment
[0.132s] INFO:colcon.colcon_ros.task.ament_cmake.build:Building ROS package in '/home/shivam/so100/src/so100_simulation' with build type 'ament_cmake'
[0.133s] INFO:colcon.colcon_cmake.task.cmake.build:Building CMake package in '/home/shivam/so100/src/so100_simulation'
[0.133s] INFO:colcon.colcon_core.shell:Skip shell extension 'powershell' for command environment: Not usable outside of PowerShell
[0.133s] DEBUG:colcon.colcon_core.shell:Skip shell extension 'dsv' for command environment
[0.142s] DEBUG:colcon.colcon_core.event_handler.log_command:Invoking command in '/home/shivam/so100/build/so100_description': CMAKE_PREFIX_PATH=${CMAKE_PREFIX_PATH}:/opt/ros/humble /home/shivam/.local/bin/cmake --build /home/shivam/so100/build/so100_description -- -j12 -l12
[0.144s] DEBUG:colcon.colcon_core.event_handler.log_command:Invoking command in '/home/shivam/so100/build/so100_simulation': CMAKE_PREFIX_PATH=${CMAKE_PREFIX_PATH}:/opt/ros/humble /home/shivam/.local/bin/cmake --build /home/shivam/so100/build/so100_simulation -- -j12 -l12
[0.202s] DEBUG:colcon.colcon_core.event_handler.log_command:Invoked command in '/home/shivam/so100/build/so100_description' returned '0': CMAKE_PREFIX_PATH=${CMAKE_PREFIX_PATH}:/opt/ros/humble /home/shivam/.local/bin/cmake --build /home/shivam/so100/build/so100_description -- -j12 -l12
[0.254s] DEBUG:colcon.colcon_core.event_handler.log_command:Invoking command in '/home/shivam/so100/build/so100_description': CMAKE_PREFIX_PATH=${CMAKE_PREFIX_PATH}:/opt/ros/humble /home/shivam/.local/bin/cmake --install /home/shivam/so100/build/so100_description
[0.256s] DEBUG:colcon.colcon_core.event_handler.log_command:Invoked command in '/home/shivam/so100/build/so100_simulation' returned '0': CMAKE_PREFIX_PATH=${CMAKE_PREFIX_PATH}:/opt/ros/humble /home/shivam/.local/bin/cmake --build /home/shivam/so100/build/so100_simulation -- -j12 -l12
[0.257s] DEBUG:colcon.colcon_core.event_handler.log_command:Invoking command in '/home/shivam/so100/build/so100_simulation': CMAKE_PREFIX_PATH=${CMAKE_PREFIX_PATH}:/opt/ros/humble /home/shivam/.local/bin/cmake --install /home/shivam/so100/build/so100_simulation
[0.311s] Level 1:colcon.colcon_core.environment:create_environment_scripts_only(so100_description)
[0.311s] DEBUG:colcon.colcon_core.event_handler.log_command:Invoked command in '/home/shivam/so100/build/so100_description' returned '0': CMAKE_PREFIX_PATH=${CMAKE_PREFIX_PATH}:/opt/ros/humble /home/shivam/.local/bin/cmake --install /home/shivam/so100/build/so100_description
[0.313s] Level 1:colcon.colcon_core.environment:checking '/home/shivam/so100/install/so100_description' for CMake module files
[0.314s] Level 1:colcon.colcon_core.environment:checking '/home/shivam/so100/install/so100_description' for CMake config files
[0.314s] Level 1:colcon.colcon_core.shell:create_environment_hook('so100_description', 'cmake_prefix_path')
[0.315s] INFO:colcon.colcon_core.shell:Creating environment hook '/home/shivam/so100/install/so100_description/share/so100_description/hook/cmake_prefix_path.ps1'
[0.315s] INFO:colcon.colcon_core.shell:Creating environment descriptor '/home/shivam/so100/install/so100_description/share/so100_description/hook/cmake_prefix_path.dsv'
[0.316s] INFO:colcon.colcon_core.shell:Creating environment hook '/home/shivam/so100/install/so100_description/share/so100_description/hook/cmake_prefix_path.sh'
[0.316s] Level 1:colcon.colcon_core.environment:checking '/home/shivam/so100/install/so100_description/bin'
[0.316s] Level 1:colcon.colcon_core.environment:checking '/home/shivam/so100/install/so100_description/lib/pkgconfig/so100_description.pc'
[0.317s] Level 1:colcon.colcon_core.environment:checking '/home/shivam/so100/install/so100_description/lib/python3.10/site-packages'
[0.317s] Level 1:colcon.colcon_core.environment:checking '/home/shivam/so100/install/so100_description/bin'
[0.317s] INFO:colcon.colcon_core.shell:Creating package script '/home/shivam/so100/install/so100_description/share/so100_description/package.ps1'
[0.319s] INFO:colcon.colcon_core.shell:Creating package descriptor '/home/shivam/so100/install/so100_description/share/so100_description/package.dsv'
[0.319s] INFO:colcon.colcon_core.shell:Creating package script '/home/shivam/so100/install/so100_description/share/so100_description/package.sh'
[0.320s] INFO:colcon.colcon_core.shell:Creating package script '/home/shivam/so100/install/so100_description/share/so100_description/package.bash'
[0.321s] INFO:colcon.colcon_core.shell:Creating package script '/home/shivam/so100/install/so100_description/share/so100_description/package.zsh'
[0.321s] Level 1:colcon.colcon_core.environment:create_file_with_runtime_dependencies(/home/shivam/so100/install/so100_description/share/colcon-core/packages/so100_description)
[0.322s] Level 1:colcon.colcon_core.environment:create_environment_scripts_only(so100_description)
[0.322s] Level 1:colcon.colcon_core.environment:checking '/home/shivam/so100/install/so100_description' for CMake module files
[0.323s] Level 1:colcon.colcon_core.environment:checking '/home/shivam/so100/install/so100_description' for CMake config files
[0.323s] Level 1:colcon.colcon_core.shell:create_environment_hook('so100_description', 'cmake_prefix_path')
[0.323s] INFO:colcon.colcon_core.shell:Creating environment hook '/home/shivam/so100/install/so100_description/share/so100_description/hook/cmake_prefix_path.ps1'
[0.324s] INFO:colcon.colcon_core.shell:Creating environment descriptor '/home/shivam/so100/install/so100_description/share/so100_description/hook/cmake_prefix_path.dsv'
[0.324s] INFO:colcon.colcon_core.shell:Creating environment hook '/home/shivam/so100/install/so100_description/share/so100_description/hook/cmake_prefix_path.sh'
[0.324s] Level 1:colcon.colcon_core.environment:checking '/home/shivam/so100/install/so100_description/bin'
[0.324s] Level 1:colcon.colcon_core.environment:checking '/home/shivam/so100/install/so100_description/lib/pkgconfig/so100_description.pc'
[0.325s] Level 1:colcon.colcon_core.environment:checking '/home/shivam/so100/install/so100_description/lib/python3.10/site-packages'
[0.325s] Level 1:colcon.colcon_core.environment:checking '/home/shivam/so100/install/so100_description/bin'
[0.325s] INFO:colcon.colcon_core.shell:Creating package script '/home/shivam/so100/install/so100_description/share/so100_description/package.ps1'
[0.326s] INFO:colcon.colcon_core.shell:Creating package descriptor '/home/shivam/so100/install/so100_description/share/so100_description/package.dsv'
[0.326s] INFO:colcon.colcon_core.shell:Creating package script '/home/shivam/so100/install/so100_description/share/so100_description/package.sh'
[0.327s] INFO:colcon.colcon_core.shell:Creating package script '/home/shivam/so100/install/so100_description/share/so100_description/package.bash'
[0.327s] INFO:colcon.colcon_core.shell:Creating package script '/home/shivam/so100/install/so100_description/share/so100_description/package.zsh'
[0.328s] Level 1:colcon.colcon_core.environment:create_file_with_runtime_dependencies(/home/shivam/so100/install/so100_description/share/colcon-core/packages/so100_description)
[0.339s] Level 1:colcon.colcon_core.environment:create_environment_scripts_only(so100_simulation)
[0.339s] Level 1:colcon.colcon_core.environment:checking '/home/shivam/so100/install/so100_simulation' for CMake module files
[0.340s] DEBUG:colcon.colcon_core.event_handler.log_command:Invoked command in '/home/shivam/so100/build/so100_simulation' returned '0': CMAKE_PREFIX_PATH=${CMAKE_PREFIX_PATH}:/opt/ros/humble /home/shivam/.local/bin/cmake --install /home/shivam/so100/build/so100_simulation
[0.340s] Level 1:colcon.colcon_core.environment:checking '/home/shivam/so100/install/so100_simulation' for CMake config files
[0.340s] Level 1:colcon.colcon_core.shell:create_environment_hook('so100_simulation', 'cmake_prefix_path')
[0.340s] INFO:colcon.colcon_core.shell:Creating environment hook '/home/shivam/so100/install/so100_simulation/share/so100_simulation/hook/cmake_prefix_path.ps1'
[0.341s] INFO:colcon.colcon_core.shell:Creating environment descriptor '/home/shivam/so100/install/so100_simulation/share/so100_simulation/hook/cmake_prefix_path.dsv'
[0.341s] INFO:colcon.colcon_core.shell:Creating environment hook '/home/shivam/so100/install/so100_simulation/share/so100_simulation/hook/cmake_prefix_path.sh'
[0.341s] Level 1:colcon.colcon_core.environment:checking '/home/shivam/so100/install/so100_simulation/bin'
[0.341s] Level 1:colcon.colcon_core.environment:checking '/home/shivam/so100/install/so100_simulation/lib/pkgconfig/so100_simulation.pc'
[0.342s] Level 1:colcon.colcon_core.environment:checking '/home/shivam/so100/install/so100_simulation/lib/python3.10/site-packages'
[0.342s] Level 1:colcon.colcon_core.environment:checking '/home/shivam/so100/install/so100_simulation/bin'
[0.342s] INFO:colcon.colcon_core.shell:Creating package script '/home/shivam/so100/install/so100_simulation/share/so100_simulation/package.ps1'
[0.343s] INFO:colcon.colcon_core.shell:Creating package descriptor '/home/shivam/so100/install/so100_simulation/share/so100_simulation/package.dsv'
[0.343s] INFO:colcon.colcon_core.shell:Creating package script '/home/shivam/so100/install/so100_simulation/share/so100_simulation/package.sh'
[0.343s] INFO:colcon.colcon_core.shell:Creating package script '/home/shivam/so100/install/so100_simulation/share/so100_simulation/package.bash'
[0.343s] INFO:colcon.colcon_core.shell:Creating package script '/home/shivam/so100/install/so100_simulation/share/so100_simulation/package.zsh'
[0.343s] Level 1:colcon.colcon_core.environment:create_file_with_runtime_dependencies(/home/shivam/so100/install/so100_simulation/share/colcon-core/packages/so100_simulation)
[0.344s] Level 1:colcon.colcon_core.environment:create_environment_scripts_only(so100_simulation)
[0.344s] Level 1:colcon.colcon_core.environment:checking '/home/shivam/so100/install/so100_simulation' for CMake module files
[0.344s] Level 1:colcon.colcon_core.environment:checking '/home/shivam/so100/install/so100_simulation' for CMake config files
[0.344s] Level 1:colcon.colcon_core.shell:create_environment_hook('so100_simulation', 'cmake_prefix_path')
[0.344s] INFO:colcon.colcon_core.shell:Creating environment hook '/home/shivam/so100/install/so100_simulation/share/so100_simulation/hook/cmake_prefix_path.ps1'
[0.344s] INFO:colcon.colcon_core.shell:Creating environment descriptor '/home/shivam/so100/install/so100_simulation/share/so100_simulation/hook/cmake_prefix_path.dsv'
[0.345s] INFO:colcon.colcon_core.shell:Creating environment hook '/home/shivam/so100/install/so100_simulation/share/so100_simulation/hook/cmake_prefix_path.sh'
[0.345s] Level 1:colcon.colcon_core.environment:checking '/home/shivam/so100/install/so100_simulation/bin'
[0.345s] Level 1:colcon.colcon_core.environment:checking '/home/shivam/so100/install/so100_simulation/lib/pkgconfig/so100_simulation.pc'
[0.345s] Level 1:colcon.colcon_core.environment:checking '/home/shivam/so100/install/so100_simulation/lib/python3.10/site-packages'
[0.345s] Level 1:colcon.colcon_core.environment:checking '/home/shivam/so100/install/so100_simulation/bin'
[0.345s] INFO:colcon.colcon_core.shell:Creating package script '/home/shivam/so100/install/so100_simulation/share/so100_simulation/package.ps1'
[0.346s] INFO:colcon.colcon_core.shell:Creating package descriptor '/home/shivam/so100/install/so100_simulation/share/so100_simulation/package.dsv'
[0.346s] INFO:colcon.colcon_core.shell:Creating package script '/home/shivam/so100/install/so100_simulation/share/so100_simulation/package.sh'
[0.346s] INFO:colcon.colcon_core.shell:Creating package script '/home/shivam/so100/install/so100_simulation/share/so100_simulation/package.bash'
[0.346s] INFO:colcon.colcon_core.shell:Creating package script '/home/shivam/so100/install/so100_simulation/share/so100_simulation/package.zsh'
[0.347s] Level 1:colcon.colcon_core.environment:create_file_with_runtime_dependencies(/home/shivam/so100/install/so100_simulation/share/colcon-core/packages/so100_simulation)
[0.347s] DEBUG:colcon.colcon_parallel_executor.executor.parallel:closing loop
[0.347s] DEBUG:colcon.colcon_parallel_executor.executor.parallel:loop closed
[0.347s] DEBUG:colcon.colcon_parallel_executor.executor.parallel:run_until_complete finished with '0'
[0.347s] DEBUG:colcon.colcon_core.event_reactor:joining thread
[0.351s] INFO:colcon.colcon_core.plugin_system:Skipping extension 'colcon_notification.desktop_notification.terminal_notifier': Not used on non-Darwin systems
[0.351s] INFO:colcon.colcon_core.plugin_system:Skipping extension 'colcon_notification.desktop_notification.win32': Not used on non-Windows systems
[0.351s] INFO:colcon.colcon_notification.desktop_notification:Sending desktop notification using 'notify2'
[0.364s] DEBUG:colcon.colcon_core.event_reactor:joined thread
[0.365s] INFO:colcon.colcon_core.shell:Creating prefix script '/home/shivam/so100/install/local_setup.ps1'
[0.365s] INFO:colcon.colcon_core.shell:Creating prefix util module '/home/shivam/so100/install/_local_setup_util_ps1.py'
[0.366s] INFO:colcon.colcon_core.shell:Creating prefix chain script '/home/shivam/so100/install/setup.ps1'
[0.367s] INFO:colcon.colcon_core.shell:Creating prefix script '/home/shivam/so100/install/local_setup.sh'
[0.367s] INFO:colcon.colcon_core.shell:Creating prefix util module '/home/shivam/so100/install/_local_setup_util_sh.py'
[0.368s] INFO:colcon.colcon_core.shell:Creating prefix chain script '/home/shivam/so100/install/setup.sh'
[0.368s] INFO:colcon.colcon_core.shell:Creating prefix script '/home/shivam/so100/install/local_setup.bash'
[0.368s] INFO:colcon.colcon_core.shell:Creating prefix chain script '/home/shivam/so100/install/setup.bash'
[0.369s] INFO:colcon.colcon_core.shell:Creating prefix script '/home/shivam/so100/install/local_setup.zsh'
[0.369s] INFO:colcon.colcon_core.shell:Creating prefix chain script '/home/shivam/so100/install/setup.zsh'
