-- Found ament_cmake: 1.3.14 (/opt/ros/humble/share/ament_cmake/cmake)
-- Override CMake install command with custom implementation using symlinks instead of copying resources
-- Found ament_lint_auto: 0.12.15 (/opt/ros/humble/share/ament_lint_auto/cmake)
-- Added test 'flake8' to check Python code syntax and style conventions
-- Added test 'lint_cmake' to check CMake code style
-- Added test 'pep257' to check Python code against some of the docstring style conventions in PEP 257
-- Added test 'xmllint' to check XML markup files
-- Configuring done (1.0s)
-- Generating done (0.0s)
-- Build files have been written to: /home/shivam/so100/build/so100_simulation
-- Install configuration: ""
-- Execute custom install script
-- Up-to-date symlink: /home/shivam/so100/install/so100_simulation/share/so100_simulation/launch/a
-- Up-to-date symlink: /home/shivam/so100/install/so100_simulation/share/so100_simulation/launch/sim.launch.py
-- Up-to-date symlink: /home/shivam/so100/install/so100_simulation/share/so100_simulation/launch/sim2.launch.py
-- Up-to-date symlink: /home/shivam/so100/install/so100_simulation/share/so100_simulation/launch/world.launch.py
-- Up-to-date symlink: /home/shivam/so100/install/so100_simulation/share/ament_index/resource_index/package_run_dependencies/so100_simulation
-- Up-to-date symlink: /home/shivam/so100/install/so100_simulation/share/ament_index/resource_index/parent_prefix_path/so100_simulation
-- Up-to-date symlink: /home/shivam/so100/install/so100_simulation/share/so100_simulation/environment/ament_prefix_path.sh
-- Up-to-date symlink: /home/shivam/so100/install/so100_simulation/share/so100_simulation/environment/ament_prefix_path.dsv
-- Up-to-date symlink: /home/shivam/so100/install/so100_simulation/share/so100_simulation/environment/path.sh
-- Up-to-date symlink: /home/shivam/so100/install/so100_simulation/share/so100_simulation/environment/path.dsv
-- Up-to-date symlink: /home/shivam/so100/install/so100_simulation/share/so100_simulation/local_setup.bash
-- Up-to-date symlink: /home/shivam/so100/install/so100_simulation/share/so100_simulation/local_setup.sh
-- Up-to-date symlink: /home/shivam/so100/install/so100_simulation/share/so100_simulation/local_setup.zsh
-- Up-to-date symlink: /home/shivam/so100/install/so100_simulation/share/so100_simulation/local_setup.dsv
-- Symlinking: /home/shivam/so100/install/so100_simulation/share/so100_simulation/package.dsv
-- Up-to-date symlink: /home/shivam/so100/install/so100_simulation/share/ament_index/resource_index/packages/so100_simulation
-- Up-to-date symlink: /home/shivam/so100/install/so100_simulation/share/so100_simulation/cmake/so100_simulationConfig.cmake
-- Up-to-date symlink: /home/shivam/so100/install/so100_simulation/share/so100_simulation/cmake/so100_simulationConfig-version.cmake
-- Up-to-date symlink: /home/shivam/so100/install/so100_simulation/share/so100_simulation/package.xml
