[0.020s] Invoking command in '/home/shivam/so100/build/so100_description': CMAKE_PREFIX_PATH=${CMAKE_PREFIX_PATH}:/opt/ros/humble /home/shivam/.local/bin/cmake --build /home/shivam/so100/build/so100_description -- -j12 -l12
[0.221s] Invoked command in '/home/shivam/so100/build/so100_description' returned '0': CMAKE_PREFIX_PATH=${CMAKE_PREFIX_PATH}:/opt/ros/humble /home/shivam/.local/bin/cmake --build /home/shivam/so100/build/so100_description -- -j12 -l12
[0.435s] Invoking command in '/home/shivam/so100/build/so100_description': CMAKE_PREFIX_PATH=${CMAKE_PREFIX_PATH}:/opt/ros/humble /home/shivam/.local/bin/cmake --install /home/shivam/so100/build/so100_description
[0.615s] -- Install configuration: ""
[0.616s] -- Execute custom install script
[0.618s] -- Up-to-date symlink: /home/shivam/so100/install/so100_description/share/so100_description/urdf/assets/Base.stl
[0.618s] -- Up-to-date symlink: /home/shivam/so100/install/so100_description/share/so100_description/urdf/assets/Base_Motor.stl
[0.619s] -- Up-to-date symlink: /home/shivam/so100/install/so100_description/share/so100_description/urdf/assets/Fixed_Jaw.stl
[0.620s] -- Up-to-date symlink: /home/shivam/so100/install/so100_description/share/so100_description/urdf/assets/Fixed_Jaw_Motor.stl
[0.621s] -- Up-to-date symlink: /home/shivam/so100/install/so100_description/share/so100_description/urdf/assets/Lower_Arm.stl
[0.621s] -- Up-to-date symlink: /home/shivam/so100/install/so100_description/share/so100_description/urdf/assets/Lower_Arm_Motor.stl
[0.622s] -- Up-to-date symlink: /home/shivam/so100/install/so100_description/share/so100_description/urdf/assets/Moving_Jaw.stl
[0.622s] -- Up-to-date symlink: /home/shivam/so100/install/so100_description/share/so100_description/urdf/assets/Rotation_Pitch.stl
[0.623s] -- Up-to-date symlink: /home/shivam/so100/install/so100_description/share/so100_description/urdf/assets/Rotation_Pitch_Motor.stl
[0.623s] -- Up-to-date symlink: /home/shivam/so100/install/so100_description/share/so100_description/urdf/assets/Upper_Arm.stl
[0.624s] -- Up-to-date symlink: /home/shivam/so100/install/so100_description/share/so100_description/urdf/assets/Upper_Arm_Motor.stl
[0.625s] -- Up-to-date symlink: /home/shivam/so100/install/so100_description/share/so100_description/urdf/assets/Wrist_Pitch_Roll.stl
[0.625s] -- Up-to-date symlink: /home/shivam/so100/install/so100_description/share/so100_description/urdf/assets/Wrist_Pitch_Roll_Motor.stl
[0.626s] -- Up-to-date symlink: /home/shivam/so100/install/so100_description/share/so100_description/urdf/so100 copy.urdf
[0.627s] -- Up-to-date symlink: /home/shivam/so100/install/so100_description/share/so100_description/urdf/so100.urdf
[0.628s] -- Up-to-date symlink: /home/shivam/so100/install/so100_description/share/so100_description/rviz/so100.rviz
[0.628s] -- Up-to-date symlink: /home/shivam/so100/install/so100_description/share/so100_description/urdf/assets/Base.stl
[0.629s] -- Up-to-date symlink: /home/shivam/so100/install/so100_description/share/so100_description/urdf/assets/Base_Motor.stl
[0.629s] -- Up-to-date symlink: /home/shivam/so100/install/so100_description/share/so100_description/urdf/assets/Fixed_Jaw.stl
[0.630s] -- Up-to-date symlink: /home/shivam/so100/install/so100_description/share/so100_description/urdf/assets/Fixed_Jaw_Motor.stl
[0.630s] -- Up-to-date symlink: /home/shivam/so100/install/so100_description/share/so100_description/urdf/assets/Lower_Arm.stl
[0.630s] -- Up-to-date symlink: /home/shivam/so100/install/so100_description/share/so100_description/urdf/assets/Lower_Arm_Motor.stl
[0.631s] -- Up-to-date symlink: /home/shivam/so100/install/so100_description/share/so100_description/urdf/assets/Moving_Jaw.stl
[0.631s] -- Up-to-date symlink: /home/shivam/so100/install/so100_description/share/so100_description/urdf/assets/Rotation_Pitch.stl
[0.631s] -- Up-to-date symlink: /home/shivam/so100/install/so100_description/share/so100_description/urdf/assets/Rotation_Pitch_Motor.stl
[0.632s] -- Up-to-date symlink: /home/shivam/so100/install/so100_description/share/so100_description/urdf/assets/Upper_Arm.stl
[0.632s] -- Up-to-date symlink: /home/shivam/so100/install/so100_description/share/so100_description/urdf/assets/Upper_Arm_Motor.stl
[0.632s] -- Up-to-date symlink: /home/shivam/so100/install/so100_description/share/so100_description/urdf/assets/Wrist_Pitch_Roll.stl
[0.633s] -- Up-to-date symlink: /home/shivam/so100/install/so100_description/share/so100_description/urdf/assets/Wrist_Pitch_Roll_Motor.stl
[0.633s] -- Up-to-date symlink: /home/shivam/so100/install/so100_description/share/ament_index/resource_index/package_run_dependencies/so100_description
[0.634s] -- Up-to-date symlink: /home/shivam/so100/install/so100_description/share/ament_index/resource_index/parent_prefix_path/so100_description
[0.634s] -- Up-to-date symlink: /home/shivam/so100/install/so100_description/share/so100_description/environment/ament_prefix_path.sh
[0.634s] -- Up-to-date symlink: /home/shivam/so100/install/so100_description/share/so100_description/environment/ament_prefix_path.dsv
[0.635s] -- Up-to-date symlink: /home/shivam/so100/install/so100_description/share/so100_description/environment/path.sh
[0.635s] -- Up-to-date symlink: /home/shivam/so100/install/so100_description/share/so100_description/environment/path.dsv
[0.636s] -- Up-to-date symlink: /home/shivam/so100/install/so100_description/share/so100_description/local_setup.bash
[0.636s] -- Up-to-date symlink: /home/shivam/so100/install/so100_description/share/so100_description/local_setup.sh
[0.636s] -- Up-to-date symlink: /home/shivam/so100/install/so100_description/share/so100_description/local_setup.zsh
[0.637s] -- Up-to-date symlink: /home/shivam/so100/install/so100_description/share/so100_description/local_setup.dsv
[0.637s] -- Symlinking: /home/shivam/so100/install/so100_description/share/so100_description/package.dsv
[0.642s] -- Up-to-date symlink: /home/shivam/so100/install/so100_description/share/ament_index/resource_index/packages/so100_description
[0.643s] -- Up-to-date symlink: /home/shivam/so100/install/so100_description/share/so100_description/cmake/so100_descriptionConfig.cmake
[0.643s] -- Up-to-date symlink: /home/shivam/so100/install/so100_description/share/so100_description/cmake/so100_descriptionConfig-version.cmake
[0.644s] -- Up-to-date symlink: /home/shivam/so100/install/so100_description/share/so100_description/package.xml
[0.649s] Invoked command in '/home/shivam/so100/build/so100_description' returned '0': CMAKE_PREFIX_PATH=${CMAKE_PREFIX_PATH}:/opt/ros/humble /home/shivam/.local/bin/cmake --install /home/shivam/so100/build/so100_description
