[0.014s] Invoking command in '/home/shivam/so100/build/gz_ros2_control': CMAKE_PREFIX_PATH=${CMAKE_PREFIX_PATH}:/opt/ros/humble /home/shivam/.local/bin/cmake /home/shivam/so100/src/gz_ros2_control/gz_ros2_control -DCMAKE_POLICY_VERSION_MINIMUM=3.5 -DCMAKE_INSTALL_PREFIX=/home/shivam/so100/install/gz_ros2_control
[0.183s] -- The C compiler identification is GNU 11.4.0
[0.277s] -- The CXX compiler identification is GNU 11.4.0
[0.290s] -- Detecting C compiler ABI info
[0.374s] -- Detecting C compiler ABI info - done
[0.404s] -- Check for working C compiler: /usr/bin/cc - skipped
[0.404s] -- Detecting C compile features
[0.405s] -- Detecting C compile features - done
[0.429s] -- Detecting CXX compiler ABI info
[0.558s] -- Detecting CXX compiler ABI info - done
[0.590s] -- Check for working CXX compiler: /usr/bin/c++ - skipped
[0.590s] -- Detecting CXX compile features
[0.591s] -- Detecting CXX compile features - done
[0.604s] -- Found ament_cmake: 1.3.14 (/opt/ros/humble/share/ament_cmake/cmake)
[0.808s] -- Found Python3: /usr/bin/python3 (found version "3.10.12") found components: Interpreter
[0.929s] -- Found ament_index_cpp: 1.4.1 (/opt/ros/humble/share/ament_index_cpp/cmake)
[0.932s] -- Found controller_manager: 2.53.1 (/opt/ros/humble/share/controller_manager/cmake)
[1.006s] -- Found rosidl_generator_c: 3.1.8 (/opt/ros/humble/share/rosidl_generator_c/cmake)
[1.014s] -- Found rosidl_adapter: 3.1.8 (/opt/ros/humble/share/rosidl_adapter/cmake)
[1.030s] -- Found rosidl_generator_cpp: 3.1.8 (/opt/ros/humble/share/rosidl_generator_cpp/cmake)
[1.051s] -- Using all available rosidl_typesupport_c: rosidl_typesupport_fastrtps_c;rosidl_typesupport_introspection_c
[1.078s] -- Using all available rosidl_typesupport_cpp: rosidl_typesupport_fastrtps_cpp;rosidl_typesupport_introspection_cpp
[1.431s] -- Found rmw_implementation_cmake: 6.1.2 (/opt/ros/humble/share/rmw_implementation_cmake/cmake)
[1.435s] -- Found rmw_fastrtps_cpp: 6.2.10 (/opt/ros/humble/share/rmw_fastrtps_cpp/cmake)
[1.485s] -- Found TinyXML2 via Config file: TinyXML2_DIR-NOTFOUND
[1.558s] -- Found OpenSSL: /usr/lib/x86_64-linux-gnu/libcrypto.so (found version "3.0.2")
[1.564s] -- Found TinyXML2 via Config file: TinyXML2_DIR-NOTFOUND
[1.594s] -- Found FastRTPS: /opt/ros/humble/include
[1.600s] -- Found TinyXML2 via Config file: TinyXML2_DIR-NOTFOUND
[1.614s] -- Found TinyXML2 via Config file: TinyXML2_DIR-NOTFOUND
[1.631s] -- Using RMW implementation 'rmw_fastrtps_cpp' as default
[1.643s] -- Performing Test CMAKE_HAVE_LIBC_PTHREAD
[1.733s] -- Performing Test CMAKE_HAVE_LIBC_PTHREAD - Success
[1.735s] -- Found Threads: TRUE
[1.892s] -- Found yaml_cpp_vendor: 8.0.2 (/opt/ros/humble/share/yaml_cpp_vendor/cmake)
[1.899s] -- Looking for gz-sim8 -- found version 8.11.0
[1.910s] -- Searching for dependencies of gz-sim8
[1.913s] -- Looking for sdformat14 -- found version 14.9.0
[1.913s] -- Searching for dependencies of sdformat14
[1.920s] -- Checking for module 'tinyxml2'
[1.935s] --   Found tinyxml2, version 9.0.0
[1.985s] -- Looking for gz-math7 -- found version 7.6.0
[1.986s] -- Searching for dependencies of gz-math7
[1.989s] -- Looking for gz-utils2 -- found version 2.2.1
[1.989s] -- Searching for dependencies of gz-utils2
[1.993s] -- Looking for gz-utils2 -- found version 2.2.1
[1.993s] -- Searching for dependencies of gz-utils2
[1.993s] -- Searching for <gz-utils2> component [cli]
[1.997s] -- Looking for gz-utils2-cli -- found version 2.2.1
[1.997s] -- Searching for dependencies of gz-utils2-cli
[2.003s] -- Looking for gz-plugin2 -- found version 2.0.4
[2.003s] -- Searching for dependencies of gz-plugin2
[2.004s] -- Looking for gz-utils2 -- found version 2.2.1
[2.005s] -- Searching for <gz-plugin2> component [loader]
[2.008s] -- Looking for gz-plugin2-loader -- found version 2.0.4
[2.008s] -- Searching for dependencies of gz-plugin2-loader
[2.009s] -- Searching for <gz-plugin2> component [register]
[2.012s] -- Looking for gz-plugin2-register -- found version 2.0.4
[2.012s] -- Searching for dependencies of gz-plugin2-register
[2.017s] -- Looking for gz-transport13 -- found version 13.5.0
[2.017s] -- Searching for dependencies of gz-transport13
[2.053s] -- Found Protobuf: /usr/lib/x86_64-linux-gnu/libprotobuf.so (found version "3.12.4")
[2.067s] -- Config-file not installed for ZeroMQ -- checking for pkg-config
[2.074s] -- Checking for module 'libzmq >= 4'
[2.092s] --   Found libzmq, version 4.3.4
[2.142s] -- Found ZeroMQ: TRUE (Required is at least version "4")
[2.152s] -- Checking for module 'uuid'
[2.170s] --   Found uuid, version 2.37.2
[2.223s] -- Found UUID: TRUE
[2.224s] -- Looking for gz-utils2 -- found version 2.2.1
[2.227s] -- Looking for gz-msgs10 -- found version 10.3.2
[2.227s] -- Searching for dependencies of gz-msgs10
[2.257s] -- Looking for gz-utils2 -- found version 2.2.1
[2.258s] -- Looking for gz-math7 -- found version 7.6.0
[2.271s] -- Searching for <gz-transport13> component [log]
[2.275s] -- Looking for gz-transport13-log -- found version 13.5.0
[2.276s] -- Searching for dependencies of gz-transport13-log
[2.277s] -- Searching for <gz-transport13> component [parameters]
[2.280s] -- Looking for gz-transport13-parameters -- found version 13.5.0
[2.280s] -- Searching for dependencies of gz-transport13-parameters
[2.283s] -- Looking for gz-msgs10 -- found version 10.3.2
[2.286s] -- Looking for gz-common5 -- found version 5.8.0
[2.286s] -- Searching for dependencies of gz-common5
[2.287s] -- Looking for gz-utils2 -- found version 2.2.1
[2.288s] -- Looking for dlfcn.h - found
[2.290s] -- Looking for libdl - found
[2.293s] -- Found DL: TRUE
[2.305s] -- Searching for <gz-common5> component [av]
[2.309s] -- Looking for gz-common5-av -- found version 5.8.0
[2.309s] -- Searching for dependencies of gz-common5-av
[2.316s] -- Checking for module 'libswscale'
[2.333s] --   Found libswscale, version 5.9.100
[2.377s] -- Found SWSCALE: TRUE
[2.386s] -- Checking for module 'libavdevice >= 56.4.100'
[2.405s] --   Found libavdevice, version 58.13.100
[2.455s] -- Found AVDEVICE: TRUE (Required is at least version "56.4.100")
[2.464s] -- Checking for module 'libavformat'
[2.481s] --   Found libavformat, version 58.76.100
[2.533s] -- Found AVFORMAT: TRUE
[2.542s] -- Checking for module 'libavcodec'
[2.562s] --   Found libavcodec, version 58.134.100
[2.609s] -- Found AVCODEC: TRUE
[2.618s] -- Checking for module 'libavutil'
[2.636s] --   Found libavutil, version 56.70.100
[2.681s] -- Found AVUTIL: TRUE
[2.683s] -- Searching for <gz-common5> component [events]
[2.687s] -- Looking for gz-common5-events -- found version 5.8.0
[2.687s] -- Searching for dependencies of gz-common5-events
[2.687s] -- Looking for gz-math7 -- found version 7.6.0
[2.689s] -- Searching for <gz-common5> component [graphics]
[2.692s] -- Looking for gz-common5-graphics -- found version 5.8.0
[2.692s] -- Searching for dependencies of gz-common5-graphics
[2.693s] -- Looking for gz-math7 -- found version 7.6.0
[2.703s] -- Found GzAssimp: TRUE (found version "5.2.0")
[2.705s] -- Searching for <gz-common5> component [io]
[2.708s] -- Looking for gz-common5-io -- found version 5.8.0
[2.708s] -- Searching for dependencies of gz-common5-io
[2.710s] -- Searching for <gz-common5> component [profiler]
[2.713s] -- Looking for gz-common5-profiler -- found version 5.8.0
[2.713s] -- Searching for dependencies of gz-common5-profiler
[2.719s] -- Looking for gz-fuel_tools9 -- found version 9.1.1
[2.719s] -- Searching for dependencies of gz-fuel_tools9
[2.828s] -- Found CURL: /usr/lib/x86_64-linux-gnu/libcurl.so (found version "7.81.0")
[2.833s] [0mCMake Deprecation Warning at /usr/lib/x86_64-linux-gnu/cmake/jsoncpp/jsoncppConfig.cmake:2 (cmake_policy):
[2.833s]   Compatibility with CMake < 3.10 will be removed from a future version of
[2.833s]   CMake.
[2.833s] 
[2.834s]   Update the VERSION argument <min> value.  Or, use the <min>...<max> syntax
[2.834s]   to tell CMake that the project requires at least <min> but has been updated
[2.834s]   to work with policies introduced by <max> or earlier.
[2.834s] Call Stack (most recent call first):
[2.834s]   /usr/share/cmake/gz-cmake3/cmake3/FindJSONCPP.cmake:34 (find_package)
[2.834s]   /usr/lib/x86_64-linux-gnu/cmake/gz-fuel_tools9/gz-fuel_tools9-config.cmake:94 (find_package)
[2.834s]   /usr/lib/x86_64-linux-gnu/cmake/gz-sim8/gz-sim8-config.cmake:97 (find_package)
[2.834s]   CMakeLists.txt:20 (find_package)
[2.835s] 
[2.835s] [0m
[2.844s] -- Checking for module 'jsoncpp'
[2.864s] --   Found jsoncpp, version 1.9.5
[2.912s] -- Found JSONCPP: TRUE
[2.921s] -- Checking for module 'libzip'
[2.939s] --   Found libzip, version 1.7.3
[2.985s] -- Found ZIP: TRUE
[2.986s] -- Looking for gz-utils2 -- found version 2.2.1
[2.986s] -- Looking for gz-common5 -- found version 5.8.0
[2.987s] -- Searching for dependencies of gz-common5
[2.987s] -- Looking for gz-utils2 -- found version 2.2.1
[2.988s] -- Looking for dlfcn.h - found
[2.988s] -- Looking for libdl - found
[3.000s] -- Searching for <gz-common5> component [testing]
[3.003s] -- Looking for gz-common5-testing -- found version 5.8.0
[3.003s] -- Searching for dependencies of gz-common5-testing
[3.006s] -- Looking for gz-math7 -- found version 7.6.0
[3.006s] -- Looking for gz-msgs10 -- found version 10.3.2
[3.011s] -- Looking for gz-gui8 -- found version 8.4.0
[3.011s] -- Searching for dependencies of gz-gui8
[3.048s] -- Looking for gz-utils2 -- found version 2.2.1
[3.048s] -- Looking for gz-math7 -- found version 7.6.0
[3.049s] -- Looking for gz-common5 -- found version 5.8.0
[3.050s] -- Looking for gz-plugin2 -- found version 2.0.4
[3.051s] -- Looking for gz-transport13 -- found version 13.5.0
[3.055s] -- Looking for gz-rendering8 -- found version 8.2.3
[3.055s] -- Searching for dependencies of gz-rendering8
[3.056s] -- Looking for gz-math7 -- found version 7.6.0
[3.056s] -- Searching for dependencies of gz-math7
[3.057s] -- Looking for gz-utils2 -- found version 2.2.1
[3.057s] -- Searching for <gz-math7> component [eigen3]
[3.060s] -- Looking for gz-math7-eigen3 -- found version 7.6.0
[3.061s] -- Searching for dependencies of gz-math7-eigen3
[3.072s] -- Looking for gz-common5 -- found version 5.8.0
[3.072s] -- Searching for dependencies of gz-common5
[3.072s] -- Looking for gz-utils2 -- found version 2.2.1
[3.073s] -- Looking for dlfcn.h - found
[3.073s] -- Looking for libdl - found
[3.084s] -- Searching for <gz-common5> component [graphics]
[3.085s] -- Searching for <gz-common5> component [events]
[3.085s] -- Searching for <gz-common5> component [geospatial]
[3.087s] -- Looking for gz-common5-geospatial -- found version 5.8.0
[3.088s] -- Searching for dependencies of gz-common5-geospatial
[3.088s] -- Looking for gz-math7 -- found version 7.6.0
[3.089s] -- Looking for gz-common5 -- found version 5.8.0
[3.091s] -- Looking for gz-plugin2 -- found version 2.0.4
[3.091s] -- Searching for dependencies of gz-plugin2
[3.092s] -- Looking for gz-utils2 -- found version 2.2.1
[3.092s] -- Searching for <gz-plugin2> component [all]
[3.095s] -- Looking for all libraries of gz-plugin2 -- found version 2.0.4
[3.096s] -- Looking for gz-plugin2 -- found version 2.0.4
[3.099s] -- Looking for gz-utils2 -- found version 2.2.1
[3.118s] -- Found OpenGL: /usr/lib/x86_64-linux-gnu/libOpenGL.so  found components: OpenGL
[3.121s] -- Looking for gz-msgs10 -- found version 10.3.2
[3.161s] -- Looking for gz-physics7 -- found version 7.6.0
[3.161s] -- Searching for dependencies of gz-physics7
[3.162s] -- Looking for gz-common5 -- found version 5.8.0
[3.162s] -- Looking for gz-math7 -- found version 7.6.0
[3.163s] -- Looking for gz-plugin2 -- found version 2.0.4
[3.164s] -- Looking for gz-utils2 -- found version 2.2.1
[3.166s] -- Searching for <gz-physics7> component [heightmap]
[3.168s] -- Looking for gz-physics7-heightmap -- found version 7.6.0
[3.169s] -- Searching for dependencies of gz-physics7-heightmap
[3.169s] -- Looking for gz-common5 -- found version 5.8.0
[3.170s] -- Searching for <gz-physics7> component [mesh]
[3.173s] -- Looking for gz-physics7-mesh -- found version 7.6.0
[3.174s] -- Searching for dependencies of gz-physics7-mesh
[3.174s] -- Looking for gz-common5 -- found version 5.8.0
[3.175s] -- Searching for <gz-physics7> component [sdf]
[3.178s] -- Looking for gz-physics7-sdf -- found version 7.6.0
[3.178s] -- Searching for dependencies of gz-physics7-sdf
[3.179s] -- Looking for sdformat14 -- found version 14.9.0
[3.184s] -- Looking for gz-sensors8 -- found version 8.2.2
[3.184s] -- Searching for dependencies of gz-sensors8
[3.211s] -- Looking for gz-math7 -- found version 7.6.0
[3.212s] -- Looking for gz-common5 -- found version 5.8.0
[3.213s] -- Looking for gz-transport13 -- found version 13.5.0
[3.213s] -- Looking for gz-rendering8 -- found version 8.2.3
[3.214s] -- Looking for gz-msgs10 -- found version 10.3.2
[3.214s] -- Looking for sdformat14 -- found version 14.9.0
[3.216s] -- Searching for <gz-sensors8> component [air_pressure]
[3.219s] -- Looking for gz-sensors8-air_pressure -- found version 8.2.2
[3.219s] -- Searching for dependencies of gz-sensors8-air_pressure
[3.220s] -- Searching for <gz-sensors8> component [air_speed]
[3.224s] -- Looking for gz-sensors8-air_speed -- found version 8.2.2
[3.224s] -- Searching for dependencies of gz-sensors8-air_speed
[3.225s] -- Searching for <gz-sensors8> component [altimeter]
[3.229s] -- Looking for gz-sensors8-altimeter -- found version 8.2.2
[3.229s] -- Searching for dependencies of gz-sensors8-altimeter
[3.230s] -- Searching for <gz-sensors8> component [imu]
[3.233s] -- Looking for gz-sensors8-imu -- found version 8.2.2
[3.233s] -- Searching for dependencies of gz-sensors8-imu
[3.235s] -- Searching for <gz-sensors8> component [force_torque]
[3.240s] -- Looking for gz-sensors8-force_torque -- found version 8.2.2
[3.240s] -- Searching for dependencies of gz-sensors8-force_torque
[3.241s] -- Searching for <gz-sensors8> component [logical_camera]
[3.245s] -- Looking for gz-sensors8-logical_camera -- found version 8.2.2
[3.245s] -- Searching for dependencies of gz-sensors8-logical_camera
[3.246s] -- Searching for <gz-sensors8> component [magnetometer]
[3.249s] -- Looking for gz-sensors8-magnetometer -- found version 8.2.2
[3.249s] -- Searching for dependencies of gz-sensors8-magnetometer
[3.250s] -- Searching for <gz-sensors8> component [navsat]
[3.253s] -- Looking for gz-sensors8-navsat -- found version 8.2.2
[3.253s] -- Searching for dependencies of gz-sensors8-navsat
[3.255s] -- Searching for <gz-sensors8> component [dvl]
[3.258s] -- Looking for gz-sensors8-dvl -- found version 8.2.2
[3.258s] -- Searching for dependencies of gz-sensors8-dvl
[3.258s] -- Looking for gz-sensors8 -- found version 8.2.2
[3.259s] -- Searching for dependencies of gz-sensors8
[3.283s] -- Looking for gz-math7 -- found version 7.6.0
[3.284s] -- Looking for gz-common5 -- found version 5.8.0
[3.285s] -- Looking for gz-transport13 -- found version 13.5.0
[3.285s] -- Looking for gz-rendering8 -- found version 8.2.3
[3.286s] -- Looking for gz-msgs10 -- found version 10.3.2
[3.286s] -- Looking for sdformat14 -- found version 14.9.0
[3.287s] -- Searching for <gz-sensors8> component [rendering]
[3.290s] -- Looking for gz-sensors8-rendering -- found version 8.2.2
[3.290s] -- Searching for dependencies of gz-sensors8-rendering
[3.293s] -- Searching for <gz-sensors8> component [rendering]
[3.293s] -- Searching for <gz-sensors8> component [lidar]
[3.295s] -- Looking for gz-sensors8-lidar -- found version 8.2.2
[3.296s] -- Searching for dependencies of gz-sensors8-lidar
[3.296s] -- Looking for gz-sensors8 -- found version 8.2.2
[3.298s] -- Searching for <gz-sensors8> component [gpu_lidar]
[3.302s] -- Looking for gz-sensors8-gpu_lidar -- found version 8.2.2
[3.302s] -- Searching for dependencies of gz-sensors8-gpu_lidar
[3.302s] -- Looking for gz-sensors8 -- found version 8.2.2
[3.304s] -- Searching for <gz-sensors8> component [camera]
[3.307s] -- Looking for gz-sensors8-camera -- found version 8.2.2
[3.308s] -- Searching for dependencies of gz-sensors8-camera
[3.308s] -- Looking for gz-sensors8 -- found version 8.2.2
[3.310s] -- Searching for <gz-sensors8> component [boundingbox_camera]
[3.314s] -- Looking for gz-sensors8-boundingbox_camera -- found version 8.2.2
[3.314s] -- Searching for dependencies of gz-sensors8-boundingbox_camera
[3.315s] -- Searching for <gz-sensors8> component [segmentation_camera]
[3.318s] -- Looking for gz-sensors8-segmentation_camera -- found version 8.2.2
[3.318s] -- Searching for dependencies of gz-sensors8-segmentation_camera
[3.319s] -- Searching for <gz-sensors8> component [depth_camera]
[3.322s] -- Looking for gz-sensors8-depth_camera -- found version 8.2.2
[3.322s] -- Searching for dependencies of gz-sensors8-depth_camera
[3.323s] -- Looking for gz-sensors8 -- found version 8.2.2
[3.324s] -- Searching for <gz-sensors8> component [rgbd_camera]
[3.327s] -- Looking for gz-sensors8-rgbd_camera -- found version 8.2.2
[3.328s] -- Searching for dependencies of gz-sensors8-rgbd_camera
[3.328s] -- Looking for gz-sensors8 -- found version 8.2.2
[3.329s] -- Searching for <gz-sensors8> component [thermal_camera]
[3.332s] -- Looking for gz-sensors8-thermal_camera -- found version 8.2.2
[3.333s] -- Searching for dependencies of gz-sensors8-thermal_camera
[3.333s] -- Looking for gz-sensors8 -- found version 8.2.2
[3.334s] -- Searching for <gz-sensors8> component [wide_angle_camera]
[3.338s] -- Looking for gz-sensors8-wide_angle_camera -- found version 8.2.2
[3.338s] -- Searching for dependencies of gz-sensors8-wide_angle_camera
[3.341s] -- Looking for gz-rendering8 -- found version 8.2.3
[3.341s] -- Looking for gz-math7 -- found version 7.6.0
[3.342s] -- Looking for gz-utils2 -- found version 2.2.1
[3.368s] -- Looking for gz-plugin2 -- found version 2.0.4
[3.466s] -- Configuring done (3.3s)
[3.516s] -- Generating done (0.0s)
[3.529s] -- Build files have been written to: /home/shivam/so100/build/gz_ros2_control
[3.549s] Invoked command in '/home/shivam/so100/build/gz_ros2_control' returned '0': CMAKE_PREFIX_PATH=${CMAKE_PREFIX_PATH}:/opt/ros/humble /home/shivam/.local/bin/cmake /home/shivam/so100/src/gz_ros2_control/gz_ros2_control -DCMAKE_POLICY_VERSION_MINIMUM=3.5 -DCMAKE_INSTALL_PREFIX=/home/shivam/so100/install/gz_ros2_control
[3.552s] Invoking command in '/home/shivam/so100/build/gz_ros2_control': CMAKE_PREFIX_PATH=${CMAKE_PREFIX_PATH}:/opt/ros/humble /home/shivam/.local/bin/cmake --build /home/shivam/so100/build/gz_ros2_control -- -j12 -l12
[3.689s] [ 33%] [32mBuilding CXX object CMakeFiles/gz_hardware_plugins.dir/src/gz_system.cpp.o[0m
[3.690s] [ 33%] [32mBuilding CXX object CMakeFiles/gz_ros2_control-system.dir/src/gz_ros2_control_plugin.cpp.o[0m
[3.690s] [ 50%] [32mBuilding CXX object CMakeFiles/ign_ros2_control-system.dir/src/gz_ros2_control_plugin.cpp.o[0m
[3.922s] In file included from [01m[K/home/shivam/so100/src/gz_ros2_control/gz_ros2_control/include/gz_ros2_control/gz_system.hpp:24[m[K,
[3.922s]                  from [01m[K/home/shivam/so100/src/gz_ros2_control/gz_ros2_control/src/gz_system.cpp:15[m[K:
[3.922s] [01m[K/home/shivam/so100/src/gz_ros2_control/gz_ros2_control/include/gz_ros2_control/gz_system_interface.hpp:28:10:[m[K [01;31m[Kfatal error: [m[Kignition/gazebo/System.hh: No such file or directory
[3.923s]    28 | #include [01;31m[K<ignition/gazebo/System.hh>[m[K
[3.923s]       |          [01;31m[K^~~~~~~~~~~~~~~~~~~~~~~~~~~[m[K
[3.923s] compilation terminated.
[3.927s] gmake[2]: *** [CMakeFiles/gz_hardware_plugins.dir/build.make:79: CMakeFiles/gz_hardware_plugins.dir/src/gz_system.cpp.o] Error 1
[3.927s] gmake[1]: *** [CMakeFiles/Makefile2:191: CMakeFiles/gz_hardware_plugins.dir/all] Error 2
[3.927s] gmake[1]: *** Waiting for unfinished jobs....
[3.958s] [01m[K/home/shivam/so100/src/gz_ros2_control/gz_ros2_control/src/gz_ros2_control_plugin.cpp:35:10:[m[K [01;31m[Kfatal error: [m[Kignition/gazebo/components/Joint.hh: No such file or directory
[3.958s]    35 | #include [01;31m[K<ignition/gazebo/components/Joint.hh>[m[K
[3.959s]       |          [01;31m[K^~~~~~~~~~~~~~~~~~~~~~~~~~~~~~~~~~~~~[m[K
[3.959s] compilation terminated.
[3.960s] [01m[K/home/shivam/so100/src/gz_ros2_control/gz_ros2_control/src/gz_ros2_control_plugin.cpp:35:10:[m[K [01;31m[Kfatal error: [m[Kignition/gazebo/components/Joint.hh: No such file or directory
[3.960s]    35 | #include [01;31m[K<ignition/gazebo/components/Joint.hh>[m[K
[3.960s]       |          [01;31m[K^~~~~~~~~~~~~~~~~~~~~~~~~~~~~~~~~~~~~[m[K
[3.961s] compilation terminated.
[3.961s] gmake[2]: *** [CMakeFiles/ign_ros2_control-system.dir/build.make:79: CMakeFiles/ign_ros2_control-system.dir/src/gz_ros2_control_plugin.cpp.o] Error 1
[3.961s] gmake[1]: *** [CMakeFiles/Makefile2:223: CMakeFiles/ign_ros2_control-system.dir/all] Error 2
[3.962s] gmake[2]: *** [CMakeFiles/gz_ros2_control-system.dir/build.make:79: CMakeFiles/gz_ros2_control-system.dir/src/gz_ros2_control_plugin.cpp.o] Error 1
[3.963s] gmake[1]: *** [CMakeFiles/Makefile2:159: CMakeFiles/gz_ros2_control-system.dir/all] Error 2
[3.963s] gmake: *** [Makefile:146: all] Error 2
[3.966s] Invoked command in '/home/shivam/so100/build/gz_ros2_control' returned '2': CMAKE_PREFIX_PATH=${CMAKE_PREFIX_PATH}:/opt/ros/humble /home/shivam/.local/bin/cmake --build /home/shivam/so100/build/gz_ros2_control -- -j12 -l12
