[0.020s] Invoking command in '/home/shivam/so100/build/gz_ros2_control': CMAKE_PREFIX_PATH=${CMAKE_PREFIX_PATH}:/opt/ros/humble /home/shivam/.local/bin/cmake /home/shivam/so100/src/gz_ros2_control/gz_ros2_control -DCMAKE_POLICY_VERSION_MINIMUM=3.5 -DCMAKE_INSTALL_PREFIX=/home/shivam/so100/install/gz_ros2_control
[0.151s] -- Found ament_cmake: 1.3.14 (/opt/ros/humble/share/ament_cmake/cmake)
[0.479s] -- Found ament_index_cpp: 1.4.1 (/opt/ros/humble/share/ament_index_cpp/cmake)
[0.480s] -- Found controller_manager: 2.53.1 (/opt/ros/humble/share/controller_manager/cmake)
[0.526s] -- Found rosidl_generator_c: 3.1.8 (/opt/ros/humble/share/rosidl_generator_c/cmake)
[0.530s] -- Found rosidl_adapter: 3.1.8 (/opt/ros/humble/share/rosidl_adapter/cmake)
[0.541s] -- Found rosidl_generator_cpp: 3.1.8 (/opt/ros/humble/share/rosidl_generator_cpp/cmake)
[0.560s] -- Using all available rosidl_typesupport_c: rosidl_typesupport_fastrtps_c;rosidl_typesupport_introspection_c
[0.580s] -- Using all available rosidl_typesupport_cpp: rosidl_typesupport_fastrtps_cpp;rosidl_typesupport_introspection_cpp
[0.890s] -- Found rmw_implementation_cmake: 6.1.2 (/opt/ros/humble/share/rmw_implementation_cmake/cmake)
[0.892s] -- Found rmw_fastrtps_cpp: 6.2.10 (/opt/ros/humble/share/rmw_fastrtps_cpp/cmake)
[0.922s] -- Found TinyXML2 via Config file: TinyXML2_DIR-NOTFOUND
[0.938s] -- Found TinyXML2 via Config file: TinyXML2_DIR-NOTFOUND
[0.966s] -- Found TinyXML2 via Config file: TinyXML2_DIR-NOTFOUND
[0.982s] -- Found TinyXML2 via Config file: TinyXML2_DIR-NOTFOUND
[0.999s] -- Using RMW implementation 'rmw_fastrtps_cpp' as default
[1.131s] -- Found yaml_cpp_vendor: 8.0.2 (/opt/ros/humble/share/yaml_cpp_vendor/cmake)
[1.132s] -- Looking for gz-sim8 -- found version 8.11.0
[1.141s] -- Searching for dependencies of gz-sim8
[1.142s] -- Looking for sdformat14 -- found version 14.9.0
[1.142s] -- Searching for dependencies of sdformat14
[1.152s] -- Looking for gz-math7 -- found version 7.6.0
[1.152s] -- Searching for dependencies of gz-math7
[1.153s] -- Looking for gz-utils2 -- found version 2.2.1
[1.153s] -- Searching for dependencies of gz-utils2
[1.156s] -- Looking for gz-utils2 -- found version 2.2.1
[1.156s] -- Searching for dependencies of gz-utils2
[1.156s] -- Searching for <gz-utils2> component [cli]
[1.157s] -- Looking for gz-utils2-cli -- found version 2.2.1
[1.157s] -- Searching for dependencies of gz-utils2-cli
[1.159s] -- Looking for gz-plugin2 -- found version 2.0.4
[1.159s] -- Searching for dependencies of gz-plugin2
[1.160s] -- Looking for gz-utils2 -- found version 2.2.1
[1.161s] -- Searching for <gz-plugin2> component [loader]
[1.161s] -- Looking for gz-plugin2-loader -- found version 2.0.4
[1.162s] -- Searching for dependencies of gz-plugin2-loader
[1.162s] -- Searching for <gz-plugin2> component [register]
[1.163s] -- Looking for gz-plugin2-register -- found version 2.0.4
[1.164s] -- Searching for dependencies of gz-plugin2-register
[1.165s] -- Looking for gz-transport13 -- found version 13.5.0
[1.166s] -- Searching for dependencies of gz-transport13
[1.204s] -- Config-file not installed for ZeroMQ -- checking for pkg-config
[1.210s] -- Checking for module 'libzmq >= 4'
[1.225s] --   Found libzmq, version 4.3.4
[1.284s] -- Checking for module 'uuid'
[1.299s] --   Found uuid, version 2.37.2
[1.340s] -- Looking for gz-utils2 -- found version 2.2.1
[1.340s] -- Looking for gz-msgs10 -- found version 10.3.2
[1.341s] -- Searching for dependencies of gz-msgs10
[1.372s] -- Looking for gz-utils2 -- found version 2.2.1
[1.373s] -- Looking for gz-math7 -- found version 7.6.0
[1.385s] -- Searching for <gz-transport13> component [log]
[1.386s] -- Looking for gz-transport13-log -- found version 13.5.0
[1.386s] -- Searching for dependencies of gz-transport13-log
[1.386s] -- Searching for <gz-transport13> component [parameters]
[1.387s] -- Looking for gz-transport13-parameters -- found version 13.5.0
[1.387s] -- Searching for dependencies of gz-transport13-parameters
[1.389s] -- Looking for gz-msgs10 -- found version 10.3.2
[1.390s] -- Looking for gz-common5 -- found version 5.8.0
[1.390s] -- Searching for dependencies of gz-common5
[1.390s] -- Looking for gz-utils2 -- found version 2.2.1
[1.391s] -- Looking for dlfcn.h - found
[1.391s] -- Looking for libdl - found
[1.402s] -- Searching for <gz-common5> component [av]
[1.403s] -- Looking for gz-common5-av -- found version 5.8.0
[1.403s] -- Searching for dependencies of gz-common5-av
[1.410s] -- Checking for module 'libswscale'
[1.427s] --   Found libswscale, version 5.9.100
[1.482s] -- Checking for module 'libavdevice >= 56.4.100'
[1.499s] --   Found libavdevice, version 58.13.100
[1.556s] -- Checking for module 'libavformat'
[1.577s] --   Found libavformat, version 58.76.100
[1.628s] -- Checking for module 'libavcodec'
[1.647s] --   Found libavcodec, version 58.134.100
[1.704s] -- Checking for module 'libavutil'
[1.721s] --   Found libavutil, version 56.70.100
[1.767s] -- Searching for <gz-common5> component [events]
[1.767s] -- Looking for gz-common5-events -- found version 5.8.0
[1.768s] -- Searching for dependencies of gz-common5-events
[1.769s] -- Looking for gz-math7 -- found version 7.6.0
[1.770s] -- Searching for <gz-common5> component [graphics]
[1.771s] -- Looking for gz-common5-graphics -- found version 5.8.0
[1.771s] -- Searching for dependencies of gz-common5-graphics
[1.772s] -- Looking for gz-math7 -- found version 7.6.0
[1.778s] -- Searching for <gz-common5> component [io]
[1.778s] -- Looking for gz-common5-io -- found version 5.8.0
[1.779s] -- Searching for dependencies of gz-common5-io
[1.779s] -- Searching for <gz-common5> component [profiler]
[1.780s] -- Looking for gz-common5-profiler -- found version 5.8.0
[1.781s] -- Searching for dependencies of gz-common5-profiler
[1.783s] -- Looking for gz-fuel_tools9 -- found version 9.1.1
[1.783s] -- Searching for dependencies of gz-fuel_tools9
[1.830s] [0mCMake Deprecation Warning at /usr/lib/x86_64-linux-gnu/cmake/jsoncpp/jsoncppConfig.cmake:2 (cmake_policy):
[1.830s]   Compatibility with CMake < 3.10 will be removed from a future version of
[1.830s]   CMake.
[1.830s] 
[1.830s]   Update the VERSION argument <min> value.  Or, use the <min>...<max> syntax
[1.830s]   to tell CMake that the project requires at least <min> but has been updated
[1.830s]   to work with policies introduced by <max> or earlier.
[1.830s] Call Stack (most recent call first):
[1.831s]   /usr/share/cmake/gz-cmake3/cmake3/FindJSONCPP.cmake:34 (find_package)
[1.831s]   /usr/lib/x86_64-linux-gnu/cmake/gz-fuel_tools9/gz-fuel_tools9-config.cmake:94 (find_package)
[1.831s]   /usr/lib/x86_64-linux-gnu/cmake/gz-sim8/gz-sim8-config.cmake:97 (find_package)
[1.831s]   CMakeLists.txt:20 (find_package)
[1.831s] 
[1.831s] [0m
[1.839s] -- Checking for module 'jsoncpp'
[1.858s] --   Found jsoncpp, version 1.9.5
[1.904s] -- Found JSONCPP: TRUE
[1.917s] -- Checking for module 'libzip'
[1.934s] --   Found libzip, version 1.7.3
[1.982s] -- Found ZIP: TRUE
[1.983s] -- Looking for gz-utils2 -- found version 2.2.1
[1.984s] -- Looking for gz-common5 -- found version 5.8.0
[1.984s] -- Searching for dependencies of gz-common5
[1.985s] -- Looking for gz-utils2 -- found version 2.2.1
[1.985s] -- Looking for dlfcn.h - found
[1.985s] -- Looking for libdl - found
[1.998s] -- Searching for <gz-common5> component [testing]
[2.002s] -- Looking for gz-common5-testing -- found version 5.8.0
[2.002s] -- Searching for dependencies of gz-common5-testing
[2.005s] -- Looking for gz-math7 -- found version 7.6.0
[2.005s] -- Looking for gz-msgs10 -- found version 10.3.2
[2.009s] -- Looking for gz-gui8 -- found version 8.4.0
[2.009s] -- Searching for dependencies of gz-gui8
[2.046s] -- Looking for gz-utils2 -- found version 2.2.1
[2.047s] -- Looking for gz-math7 -- found version 7.6.0
[2.048s] -- Looking for gz-common5 -- found version 5.8.0
[2.049s] -- Looking for gz-plugin2 -- found version 2.0.4
[2.049s] -- Looking for gz-transport13 -- found version 13.5.0
[2.053s] -- Looking for gz-rendering8 -- found version 8.2.3
[2.053s] -- Searching for dependencies of gz-rendering8
[2.054s] -- Looking for gz-math7 -- found version 7.6.0
[2.054s] -- Searching for dependencies of gz-math7
[2.055s] -- Looking for gz-utils2 -- found version 2.2.1
[2.055s] -- Searching for <gz-math7> component [eigen3]
[2.058s] -- Looking for gz-math7-eigen3 -- found version 7.6.0
[2.059s] -- Searching for dependencies of gz-math7-eigen3
[2.077s] -- Looking for gz-common5 -- found version 5.8.0
[2.077s] -- Searching for dependencies of gz-common5
[2.078s] -- Looking for gz-utils2 -- found version 2.2.1
[2.078s] -- Looking for dlfcn.h - found
[2.078s] -- Looking for libdl - found
[2.090s] -- Searching for <gz-common5> component [graphics]
[2.090s] -- Searching for <gz-common5> component [events]
[2.090s] -- Searching for <gz-common5> component [geospatial]
[2.093s] -- Looking for gz-common5-geospatial -- found version 5.8.0
[2.093s] -- Searching for dependencies of gz-common5-geospatial
[2.094s] -- Looking for gz-math7 -- found version 7.6.0
[2.095s] -- Looking for gz-common5 -- found version 5.8.0
[2.097s] -- Looking for gz-plugin2 -- found version 2.0.4
[2.097s] -- Searching for dependencies of gz-plugin2
[2.097s] -- Looking for gz-utils2 -- found version 2.2.1
[2.097s] -- Searching for <gz-plugin2> component [all]
[2.101s] -- Looking for all libraries of gz-plugin2 -- found version 2.0.4
[2.101s] -- Looking for gz-plugin2 -- found version 2.0.4
[2.103s] -- Looking for gz-utils2 -- found version 2.2.1
[2.121s] -- Found OpenGL: /usr/lib/x86_64-linux-gnu/libOpenGL.so  found components: OpenGL
[2.123s] -- Looking for gz-msgs10 -- found version 10.3.2
[2.179s] -- Looking for gz-physics7 -- found version 7.6.0
[2.179s] -- Searching for dependencies of gz-physics7
[2.179s] -- Looking for gz-common5 -- found version 5.8.0
[2.180s] -- Looking for gz-math7 -- found version 7.6.0
[2.181s] -- Looking for gz-plugin2 -- found version 2.0.4
[2.181s] -- Looking for gz-utils2 -- found version 2.2.1
[2.183s] -- Searching for <gz-physics7> component [heightmap]
[2.186s] -- Looking for gz-physics7-heightmap -- found version 7.6.0
[2.187s] -- Searching for dependencies of gz-physics7-heightmap
[2.187s] -- Looking for gz-common5 -- found version 5.8.0
[2.188s] -- Searching for <gz-physics7> component [mesh]
[2.191s] -- Looking for gz-physics7-mesh -- found version 7.6.0
[2.192s] -- Searching for dependencies of gz-physics7-mesh
[2.192s] -- Looking for gz-common5 -- found version 5.8.0
[2.193s] -- Searching for <gz-physics7> component [sdf]
[2.196s] -- Looking for gz-physics7-sdf -- found version 7.6.0
[2.196s] -- Searching for dependencies of gz-physics7-sdf
[2.197s] -- Looking for sdformat14 -- found version 14.9.0
[2.202s] -- Looking for gz-sensors8 -- found version 8.2.2
[2.202s] -- Searching for dependencies of gz-sensors8
[2.226s] -- Looking for gz-math7 -- found version 7.6.0
[2.226s] -- Looking for gz-common5 -- found version 5.8.0
[2.227s] -- Looking for gz-transport13 -- found version 13.5.0
[2.228s] -- Looking for gz-rendering8 -- found version 8.2.3
[2.228s] -- Looking for gz-msgs10 -- found version 10.3.2
[2.229s] -- Looking for sdformat14 -- found version 14.9.0
[2.230s] -- Searching for <gz-sensors8> component [air_pressure]
[2.233s] -- Looking for gz-sensors8-air_pressure -- found version 8.2.2
[2.233s] -- Searching for dependencies of gz-sensors8-air_pressure
[2.235s] -- Searching for <gz-sensors8> component [air_speed]
[2.238s] -- Looking for gz-sensors8-air_speed -- found version 8.2.2
[2.239s] -- Searching for dependencies of gz-sensors8-air_speed
[2.240s] -- Searching for <gz-sensors8> component [altimeter]
[2.243s] -- Looking for gz-sensors8-altimeter -- found version 8.2.2
[2.244s] -- Searching for dependencies of gz-sensors8-altimeter
[2.245s] -- Searching for <gz-sensors8> component [imu]
[2.248s] -- Looking for gz-sensors8-imu -- found version 8.2.2
[2.249s] -- Searching for dependencies of gz-sensors8-imu
[2.250s] -- Searching for <gz-sensors8> component [force_torque]
[2.254s] -- Looking for gz-sensors8-force_torque -- found version 8.2.2
[2.254s] -- Searching for dependencies of gz-sensors8-force_torque
[2.255s] -- Searching for <gz-sensors8> component [logical_camera]
[2.258s] -- Looking for gz-sensors8-logical_camera -- found version 8.2.2
[2.259s] -- Searching for dependencies of gz-sensors8-logical_camera
[2.260s] -- Searching for <gz-sensors8> component [magnetometer]
[2.263s] -- Looking for gz-sensors8-magnetometer -- found version 8.2.2
[2.264s] -- Searching for dependencies of gz-sensors8-magnetometer
[2.265s] -- Searching for <gz-sensors8> component [navsat]
[2.269s] -- Looking for gz-sensors8-navsat -- found version 8.2.2
[2.270s] -- Searching for dependencies of gz-sensors8-navsat
[2.271s] -- Searching for <gz-sensors8> component [dvl]
[2.275s] -- Looking for gz-sensors8-dvl -- found version 8.2.2
[2.275s] -- Searching for dependencies of gz-sensors8-dvl
[2.276s] -- Looking for gz-sensors8 -- found version 8.2.2
[2.276s] -- Searching for dependencies of gz-sensors8
[2.302s] -- Looking for gz-math7 -- found version 7.6.0
[2.302s] -- Looking for gz-common5 -- found version 5.8.0
[2.303s] -- Looking for gz-transport13 -- found version 13.5.0
[2.304s] -- Looking for gz-rendering8 -- found version 8.2.3
[2.304s] -- Looking for gz-msgs10 -- found version 10.3.2
[2.305s] -- Looking for sdformat14 -- found version 14.9.0
[2.305s] -- Searching for <gz-sensors8> component [rendering]
[2.308s] -- Looking for gz-sensors8-rendering -- found version 8.2.2
[2.309s] -- Searching for dependencies of gz-sensors8-rendering
[2.311s] -- Searching for <gz-sensors8> component [rendering]
[2.311s] -- Searching for <gz-sensors8> component [lidar]
[2.314s] -- Looking for gz-sensors8-lidar -- found version 8.2.2
[2.314s] -- Searching for dependencies of gz-sensors8-lidar
[2.315s] -- Looking for gz-sensors8 -- found version 8.2.2
[2.316s] -- Searching for <gz-sensors8> component [gpu_lidar]
[2.319s] -- Looking for gz-sensors8-gpu_lidar -- found version 8.2.2
[2.319s] -- Searching for dependencies of gz-sensors8-gpu_lidar
[2.320s] -- Looking for gz-sensors8 -- found version 8.2.2
[2.321s] -- Searching for <gz-sensors8> component [camera]
[2.324s] -- Looking for gz-sensors8-camera -- found version 8.2.2
[2.324s] -- Searching for dependencies of gz-sensors8-camera
[2.325s] -- Looking for gz-sensors8 -- found version 8.2.2
[2.326s] -- Searching for <gz-sensors8> component [boundingbox_camera]
[2.329s] -- Looking for gz-sensors8-boundingbox_camera -- found version 8.2.2
[2.329s] -- Searching for dependencies of gz-sensors8-boundingbox_camera
[2.330s] -- Searching for <gz-sensors8> component [segmentation_camera]
[2.333s] -- Looking for gz-sensors8-segmentation_camera -- found version 8.2.2
[2.333s] -- Searching for dependencies of gz-sensors8-segmentation_camera
[2.335s] -- Searching for <gz-sensors8> component [depth_camera]
[2.339s] -- Looking for gz-sensors8-depth_camera -- found version 8.2.2
[2.339s] -- Searching for dependencies of gz-sensors8-depth_camera
[2.339s] -- Looking for gz-sensors8 -- found version 8.2.2
[2.341s] -- Searching for <gz-sensors8> component [rgbd_camera]
[2.344s] -- Looking for gz-sensors8-rgbd_camera -- found version 8.2.2
[2.344s] -- Searching for dependencies of gz-sensors8-rgbd_camera
[2.344s] -- Looking for gz-sensors8 -- found version 8.2.2
[2.346s] -- Searching for <gz-sensors8> component [thermal_camera]
[2.349s] -- Looking for gz-sensors8-thermal_camera -- found version 8.2.2
[2.350s] -- Searching for dependencies of gz-sensors8-thermal_camera
[2.350s] -- Looking for gz-sensors8 -- found version 8.2.2
[2.351s] -- Searching for <gz-sensors8> component [wide_angle_camera]
[2.354s] -- Looking for gz-sensors8-wide_angle_camera -- found version 8.2.2
[2.355s] -- Searching for dependencies of gz-sensors8-wide_angle_camera
[2.357s] -- Looking for gz-rendering8 -- found version 8.2.3
[2.358s] -- Looking for gz-math7 -- found version 7.6.0
[2.359s] -- Looking for gz-utils2 -- found version 2.2.1
[2.389s] -- Looking for gz-plugin2 -- found version 2.0.4
[2.492s] -- Configuring done (2.4s)
[2.548s] -- Generating done (0.1s)
[2.561s] -- Build files have been written to: /home/shivam/so100/build/gz_ros2_control
[2.581s] Invoked command in '/home/shivam/so100/build/gz_ros2_control' returned '0': CMAKE_PREFIX_PATH=${CMAKE_PREFIX_PATH}:/opt/ros/humble /home/shivam/.local/bin/cmake /home/shivam/so100/src/gz_ros2_control/gz_ros2_control -DCMAKE_POLICY_VERSION_MINIMUM=3.5 -DCMAKE_INSTALL_PREFIX=/home/shivam/so100/install/gz_ros2_control
[2.586s] Invoking command in '/home/shivam/so100/build/gz_ros2_control': CMAKE_PREFIX_PATH=${CMAKE_PREFIX_PATH}:/opt/ros/humble /home/shivam/.local/bin/cmake --build /home/shivam/so100/build/gz_ros2_control -- -j12 -l12
[2.718s] [ 16%] [32mBuilding CXX object CMakeFiles/gz_ros2_control-system.dir/src/gz_ros2_control_plugin.cpp.o[0m
[2.719s] [ 33%] [32mBuilding CXX object CMakeFiles/gz_hardware_plugins.dir/src/gz_system.cpp.o[0m
[2.719s] [ 50%] [32mBuilding CXX object CMakeFiles/ign_ros2_control-system.dir/src/gz_ros2_control_plugin.cpp.o[0m
[3.003s] In file included from [01m[K/home/shivam/so100/src/gz_ros2_control/gz_ros2_control/include/gz_ros2_control/gz_system.hpp:24[m[K,
[3.003s]                  from [01m[K/home/shivam/so100/src/gz_ros2_control/gz_ros2_control/src/gz_system.cpp:15[m[K:
[3.003s] [01m[K/home/shivam/so100/src/gz_ros2_control/gz_ros2_control/include/gz_ros2_control/gz_system_interface.hpp:28:10:[m[K [01;31m[Kfatal error: [m[Kignition/gazebo/System.hh: No such file or directory
[3.003s]    28 | #include [01;31m[K<ignition/gazebo/System.hh>[m[K
[3.003s]       |          [01;31m[K^~~~~~~~~~~~~~~~~~~~~~~~~~~[m[K
[3.003s] compilation terminated.
[3.004s] gmake[2]: *** [CMakeFiles/gz_hardware_plugins.dir/build.make:79: CMakeFiles/gz_hardware_plugins.dir/src/gz_system.cpp.o] Error 1
[3.005s] gmake[1]: *** [CMakeFiles/Makefile2:191: CMakeFiles/gz_hardware_plugins.dir/all] Error 2
[3.005s] gmake[1]: *** Waiting for unfinished jobs....
[3.066s] [01m[K/home/shivam/so100/src/gz_ros2_control/gz_ros2_control/src/gz_ros2_control_plugin.cpp:35:10:[m[K [01;31m[Kfatal error: [m[Kignition/gazebo/components/Joint.hh: No such file or directory
[3.066s]    35 | #include [01;31m[K<ignition/gazebo/components/Joint.hh>[m[K
[3.067s]       |          [01;31m[K^~~~~~~~~~~~~~~~~~~~~~~~~~~~~~~~~~~~~[m[K
[3.067s] [01m[K/home/shivam/so100/src/gz_ros2_control/gz_ros2_control/src/gz_ros2_control_plugin.cpp:35:10:[m[K [01;31m[Kfatal error: [m[Kignition/gazebo/components/Joint.hh: No such file or directory
[3.067s]    35 | #include [01;31m[K<ignition/gazebo/components/Joint.hh>[m[K
[3.067s]       |          [01;31m[K^~~~~~~~~~~~~~~~~~~~~~~~~~~~~~~~~~~~~[m[K
[3.067s] compilation terminated.
[3.067s] compilation terminated.
[3.069s] gmake[2]: *** [CMakeFiles/gz_ros2_control-system.dir/build.make:79: CMakeFiles/gz_ros2_control-system.dir/src/gz_ros2_control_plugin.cpp.o] Error 1
[3.069s] gmake[1]: *** [CMakeFiles/Makefile2:159: CMakeFiles/gz_ros2_control-system.dir/all] Error 2
[3.069s] gmake[2]: *** [CMakeFiles/ign_ros2_control-system.dir/build.make:79: CMakeFiles/ign_ros2_control-system.dir/src/gz_ros2_control_plugin.cpp.o] Error 1
[3.070s] gmake[1]: *** [CMakeFiles/Makefile2:223: CMakeFiles/ign_ros2_control-system.dir/all] Error 2
[3.070s] gmake: *** [Makefile:146: all] Error 2
[3.073s] Invoked command in '/home/shivam/so100/build/gz_ros2_control' returned '2': CMAKE_PREFIX_PATH=${CMAKE_PREFIX_PATH}:/opt/ros/humble /home/shivam/.local/bin/cmake --build /home/shivam/so100/build/gz_ros2_control -- -j12 -l12
