[0.247s] DEBUG:colcon:Command line arguments: ['/usr/bin/colcon', 'build']
[0.248s] DEBUG:colcon:Parsed command line arguments: Namespace(log_base=None, log_level=None, verb_name='build', build_base='build', install_base='install', merge_install=False, symlink_install=False, test_result_base=None, continue_on_error=False, executor='parallel', parallel_workers=12, event_handlers=None, ignore_user_meta=False, metas=['./colcon.meta'], base_paths=['.'], packages_ignore=None, packages_ignore_regex=None, paths=None, packages_up_to=None, packages_up_to_regex=None, packages_above=None, packages_above_and_dependencies=None, packages_above_depth=None, packages_select_by_dep=None, packages_skip_by_dep=None, packages_skip_up_to=None, packages_select_build_failed=False, packages_skip_build_finished=False, packages_select_test_failures=False, packages_skip_test_passed=False, packages_select=None, packages_skip=None, packages_select_regex=None, packages_skip_regex=None, packages_start=None, packages_end=None, allow_overriding=[], cmake_args=None, cmake_target=None, cmake_target_skip_unavailable=False, cmake_clean_cache=False, cmake_clean_first=False, cmake_force_configure=False, ament_cmake_args=None, catkin_cmake_args=None, catkin_skip_building_tests=False, verb_parser=<colcon_defaults.argument_parser.defaults.DefaultArgumentsDecorator object at 0x7c41dab79db0>, verb_extension=<colcon_core.verb.build.BuildVerb object at 0x7c41dab797b0>, main=<bound method BuildVerb.main of <colcon_core.verb.build.BuildVerb object at 0x7c41dab797b0>>)
[0.335s] Level 1:colcon.colcon_core.package_discovery:discover_packages(colcon_meta) check parameters
[0.336s] Level 1:colcon.colcon_core.package_discovery:discover_packages(recursive) check parameters
[0.336s] Level 1:colcon.colcon_core.package_discovery:discover_packages(ignore) check parameters
[0.336s] Level 1:colcon.colcon_core.package_discovery:discover_packages(path) check parameters
[0.336s] Level 1:colcon.colcon_core.package_discovery:discover_packages(colcon_meta) discover
[0.336s] Level 1:colcon.colcon_core.package_discovery:discover_packages(recursive) discover
[0.336s] INFO:colcon.colcon_core.package_discovery:Crawling recursively for packages in '/home/shivam/so100'
[0.336s] Level 1:colcon.colcon_core.package_identification:_identify(.) by extensions ['ignore', 'ignore_ament_install']
[0.336s] Level 1:colcon.colcon_core.package_identification:_identify(.) by extension 'ignore'
[0.336s] Level 1:colcon.colcon_core.package_identification:_identify(.) by extension 'ignore_ament_install'
[0.337s] Level 1:colcon.colcon_core.package_identification:_identify(.) by extensions ['colcon_pkg']
[0.337s] Level 1:colcon.colcon_core.package_identification:_identify(.) by extension 'colcon_pkg'
[0.337s] Level 1:colcon.colcon_core.package_identification:_identify(.) by extensions ['colcon_meta']
[0.337s] Level 1:colcon.colcon_core.package_identification:_identify(.) by extension 'colcon_meta'
[0.337s] Level 1:colcon.colcon_core.package_identification:_identify(.) by extensions ['ros']
[0.337s] Level 1:colcon.colcon_core.package_identification:_identify(.) by extension 'ros'
[0.368s] Level 1:colcon.colcon_core.package_identification:_identify(.) by extensions ['cmake', 'python']
[0.368s] Level 1:colcon.colcon_core.package_identification:_identify(.) by extension 'cmake'
[0.368s] Level 1:colcon.colcon_core.package_identification:_identify(.) by extension 'python'
[0.368s] Level 1:colcon.colcon_core.package_identification:_identify(.) by extensions ['python_setup_py']
[0.368s] Level 1:colcon.colcon_core.package_identification:_identify(.) by extension 'python_setup_py'
[0.369s] Level 1:colcon.colcon_core.package_identification:_identify(build) by extensions ['ignore', 'ignore_ament_install']
[0.369s] Level 1:colcon.colcon_core.package_identification:_identify(build) by extension 'ignore'
[0.369s] Level 1:colcon.colcon_core.package_identification:_identify(build) ignored
[0.369s] Level 1:colcon.colcon_core.package_identification:_identify(install) by extensions ['ignore', 'ignore_ament_install']
[0.369s] Level 1:colcon.colcon_core.package_identification:_identify(install) by extension 'ignore'
[0.369s] Level 1:colcon.colcon_core.package_identification:_identify(install) ignored
[0.370s] Level 1:colcon.colcon_core.package_identification:_identify(log) by extensions ['ignore', 'ignore_ament_install']
[0.370s] Level 1:colcon.colcon_core.package_identification:_identify(log) by extension 'ignore'
[0.370s] Level 1:colcon.colcon_core.package_identification:_identify(log) ignored
[0.370s] Level 1:colcon.colcon_core.package_identification:_identify(src) by extensions ['ignore', 'ignore_ament_install']
[0.370s] Level 1:colcon.colcon_core.package_identification:_identify(src) by extension 'ignore'
[0.370s] Level 1:colcon.colcon_core.package_identification:_identify(src) by extension 'ignore_ament_install'
[0.370s] Level 1:colcon.colcon_core.package_identification:_identify(src) by extensions ['colcon_pkg']
[0.370s] Level 1:colcon.colcon_core.package_identification:_identify(src) by extension 'colcon_pkg'
[0.370s] Level 1:colcon.colcon_core.package_identification:_identify(src) by extensions ['colcon_meta']
[0.370s] Level 1:colcon.colcon_core.package_identification:_identify(src) by extension 'colcon_meta'
[0.370s] Level 1:colcon.colcon_core.package_identification:_identify(src) by extensions ['ros']
[0.370s] Level 1:colcon.colcon_core.package_identification:_identify(src) by extension 'ros'
[0.371s] Level 1:colcon.colcon_core.package_identification:_identify(src) by extensions ['cmake', 'python']
[0.371s] Level 1:colcon.colcon_core.package_identification:_identify(src) by extension 'cmake'
[0.371s] Level 1:colcon.colcon_core.package_identification:_identify(src) by extension 'python'
[0.371s] Level 1:colcon.colcon_core.package_identification:_identify(src) by extensions ['python_setup_py']
[0.371s] Level 1:colcon.colcon_core.package_identification:_identify(src) by extension 'python_setup_py'
[0.371s] Level 1:colcon.colcon_core.package_identification:_identify(src/so100_description) by extensions ['ignore', 'ignore_ament_install']
[0.371s] Level 1:colcon.colcon_core.package_identification:_identify(src/so100_description) by extension 'ignore'
[0.371s] Level 1:colcon.colcon_core.package_identification:_identify(src/so100_description) by extension 'ignore_ament_install'
[0.371s] Level 1:colcon.colcon_core.package_identification:_identify(src/so100_description) by extensions ['colcon_pkg']
[0.371s] Level 1:colcon.colcon_core.package_identification:_identify(src/so100_description) by extension 'colcon_pkg'
[0.371s] Level 1:colcon.colcon_core.package_identification:_identify(src/so100_description) by extensions ['colcon_meta']
[0.371s] Level 1:colcon.colcon_core.package_identification:_identify(src/so100_description) by extension 'colcon_meta'
[0.372s] Level 1:colcon.colcon_core.package_identification:_identify(src/so100_description) by extensions ['ros']
[0.372s] Level 1:colcon.colcon_core.package_identification:_identify(src/so100_description) by extension 'ros'
[0.377s] DEBUG:colcon.colcon_core.package_identification:Package 'src/so100_description' with type 'ros.ament_cmake' and name 'so100_description'
[0.377s] Level 1:colcon.colcon_core.package_identification:_identify(src/so100_simulation) by extensions ['ignore', 'ignore_ament_install']
[0.377s] Level 1:colcon.colcon_core.package_identification:_identify(src/so100_simulation) by extension 'ignore'
[0.378s] Level 1:colcon.colcon_core.package_identification:_identify(src/so100_simulation) by extension 'ignore_ament_install'
[0.378s] Level 1:colcon.colcon_core.package_identification:_identify(src/so100_simulation) by extensions ['colcon_pkg']
[0.378s] Level 1:colcon.colcon_core.package_identification:_identify(src/so100_simulation) by extension 'colcon_pkg'
[0.378s] Level 1:colcon.colcon_core.package_identification:_identify(src/so100_simulation) by extensions ['colcon_meta']
[0.378s] Level 1:colcon.colcon_core.package_identification:_identify(src/so100_simulation) by extension 'colcon_meta'
[0.378s] Level 1:colcon.colcon_core.package_identification:_identify(src/so100_simulation) by extensions ['ros']
[0.378s] Level 1:colcon.colcon_core.package_identification:_identify(src/so100_simulation) by extension 'ros'
[0.379s] DEBUG:colcon.colcon_core.package_identification:Package 'src/so100_simulation' with type 'ros.ament_cmake' and name 'so100_simulation'
[0.379s] Level 1:colcon.colcon_core.package_discovery:discover_packages(recursive) using defaults
[0.379s] Level 1:colcon.colcon_core.package_discovery:discover_packages(ignore) discover
[0.379s] Level 1:colcon.colcon_core.package_discovery:discover_packages(ignore) using defaults
[0.379s] Level 1:colcon.colcon_core.package_discovery:discover_packages(path) discover
[0.379s] Level 1:colcon.colcon_core.package_discovery:discover_packages(path) using defaults
[0.422s] Level 1:colcon.colcon_core.package_discovery:discover_packages(prefix_path) check parameters
[0.422s] Level 1:colcon.colcon_core.package_discovery:discover_packages(prefix_path) discover
[0.425s] DEBUG:colcon.colcon_installed_package_information.package_discovery:Found 2 installed packages in /home/shivam/so100/install
[0.427s] DEBUG:colcon.colcon_installed_package_information.package_discovery:Found 320 installed packages in /opt/ros/humble
[0.430s] Level 1:colcon.colcon_core.package_discovery:discover_packages(prefix_path) using defaults
[0.496s] Level 5:colcon.colcon_core.verb:set package 'so100_description' build argument 'cmake_args' from command line to 'None'
[0.496s] Level 5:colcon.colcon_core.verb:set package 'so100_description' build argument 'cmake_target' from command line to 'None'
[0.497s] Level 5:colcon.colcon_core.verb:set package 'so100_description' build argument 'cmake_target_skip_unavailable' from command line to 'False'
[0.497s] Level 5:colcon.colcon_core.verb:set package 'so100_description' build argument 'cmake_clean_cache' from command line to 'False'
[0.497s] Level 5:colcon.colcon_core.verb:set package 'so100_description' build argument 'cmake_clean_first' from command line to 'False'
[0.497s] Level 5:colcon.colcon_core.verb:set package 'so100_description' build argument 'cmake_force_configure' from command line to 'False'
[0.497s] Level 5:colcon.colcon_core.verb:set package 'so100_description' build argument 'ament_cmake_args' from command line to 'None'
[0.497s] Level 5:colcon.colcon_core.verb:set package 'so100_description' build argument 'catkin_cmake_args' from command line to 'None'
[0.497s] Level 5:colcon.colcon_core.verb:set package 'so100_description' build argument 'catkin_skip_building_tests' from command line to 'False'
[0.497s] DEBUG:colcon.colcon_core.verb:Building package 'so100_description' with the following arguments: {'ament_cmake_args': None, 'build_base': '/home/shivam/so100/build/so100_description', 'catkin_cmake_args': None, 'catkin_skip_building_tests': False, 'cmake_args': None, 'cmake_clean_cache': False, 'cmake_clean_first': False, 'cmake_force_configure': False, 'cmake_target': None, 'cmake_target_skip_unavailable': False, 'install_base': '/home/shivam/so100/install/so100_description', 'merge_install': False, 'path': '/home/shivam/so100/src/so100_description', 'symlink_install': False, 'test_result_base': None}
[0.498s] Level 5:colcon.colcon_core.verb:set package 'so100_simulation' build argument 'cmake_args' from command line to 'None'
[0.498s] Level 5:colcon.colcon_core.verb:set package 'so100_simulation' build argument 'cmake_target' from command line to 'None'
[0.498s] Level 5:colcon.colcon_core.verb:set package 'so100_simulation' build argument 'cmake_target_skip_unavailable' from command line to 'False'
[0.498s] Level 5:colcon.colcon_core.verb:set package 'so100_simulation' build argument 'cmake_clean_cache' from command line to 'False'
[0.498s] Level 5:colcon.colcon_core.verb:set package 'so100_simulation' build argument 'cmake_clean_first' from command line to 'False'
[0.498s] Level 5:colcon.colcon_core.verb:set package 'so100_simulation' build argument 'cmake_force_configure' from command line to 'False'
[0.498s] Level 5:colcon.colcon_core.verb:set package 'so100_simulation' build argument 'ament_cmake_args' from command line to 'None'
[0.498s] Level 5:colcon.colcon_core.verb:set package 'so100_simulation' build argument 'catkin_cmake_args' from command line to 'None'
[0.498s] Level 5:colcon.colcon_core.verb:set package 'so100_simulation' build argument 'catkin_skip_building_tests' from command line to 'False'
[0.498s] DEBUG:colcon.colcon_core.verb:Building package 'so100_simulation' with the following arguments: {'ament_cmake_args': None, 'build_base': '/home/shivam/so100/build/so100_simulation', 'catkin_cmake_args': None, 'catkin_skip_building_tests': False, 'cmake_args': None, 'cmake_clean_cache': False, 'cmake_clean_first': False, 'cmake_force_configure': False, 'cmake_target': None, 'cmake_target_skip_unavailable': False, 'install_base': '/home/shivam/so100/install/so100_simulation', 'merge_install': False, 'path': '/home/shivam/so100/src/so100_simulation', 'symlink_install': False, 'test_result_base': None}
[0.498s] INFO:colcon.colcon_core.executor:Executing jobs using 'parallel' executor
[0.500s] DEBUG:colcon.colcon_parallel_executor.executor.parallel:run_until_complete
[0.500s] INFO:colcon.colcon_ros.task.ament_cmake.build:Building ROS package in '/home/shivam/so100/src/so100_description' with build type 'ament_cmake'
[0.501s] INFO:colcon.colcon_cmake.task.cmake.build:Building CMake package in '/home/shivam/so100/src/so100_description'
[0.504s] INFO:colcon.colcon_core.plugin_system:Skipping extension 'colcon_core.shell.bat': Not used on non-Windows systems
[0.504s] INFO:colcon.colcon_core.shell:Skip shell extension 'powershell' for command environment: Not usable outside of PowerShell
[0.504s] DEBUG:colcon.colcon_core.shell:Skip shell extension 'dsv' for command environment
[0.511s] INFO:colcon.colcon_ros.task.ament_cmake.build:Building ROS package in '/home/shivam/so100/src/so100_simulation' with build type 'ament_cmake'
[0.511s] INFO:colcon.colcon_cmake.task.cmake.build:Building CMake package in '/home/shivam/so100/src/so100_simulation'
[0.512s] INFO:colcon.colcon_core.shell:Skip shell extension 'powershell' for command environment: Not usable outside of PowerShell
[0.512s] DEBUG:colcon.colcon_core.shell:Skip shell extension 'dsv' for command environment
[0.529s] DEBUG:colcon.colcon_core.event_handler.log_command:Invoking command in '/home/shivam/so100/build/so100_description': CMAKE_PREFIX_PATH=${CMAKE_PREFIX_PATH}:/opt/ros/humble /home/shivam/.local/bin/cmake --build /home/shivam/so100/build/so100_description -- -j12 -l12
[0.538s] DEBUG:colcon.colcon_core.event_handler.log_command:Invoking command in '/home/shivam/so100/build/so100_simulation': CMAKE_PREFIX_PATH=${CMAKE_PREFIX_PATH}:/opt/ros/humble /home/shivam/.local/bin/cmake --build /home/shivam/so100/build/so100_simulation -- -j12 -l12
[0.747s] DEBUG:colcon.colcon_core.event_handler.log_command:Invoked command in '/home/shivam/so100/build/so100_description' returned '0': CMAKE_PREFIX_PATH=${CMAKE_PREFIX_PATH}:/opt/ros/humble /home/shivam/.local/bin/cmake --build /home/shivam/so100/build/so100_description -- -j12 -l12
[0.988s] DEBUG:colcon.colcon_core.event_handler.log_command:Invoking command in '/home/shivam/so100/build/so100_description': CMAKE_PREFIX_PATH=${CMAKE_PREFIX_PATH}:/opt/ros/humble /home/shivam/.local/bin/cmake --install /home/shivam/so100/build/so100_description
[0.992s] DEBUG:colcon.colcon_core.event_handler.log_command:Invoked command in '/home/shivam/so100/build/so100_simulation' returned '0': CMAKE_PREFIX_PATH=${CMAKE_PREFIX_PATH}:/opt/ros/humble /home/shivam/.local/bin/cmake --build /home/shivam/so100/build/so100_simulation -- -j12 -l12
[0.996s] DEBUG:colcon.colcon_core.event_handler.log_command:Invoking command in '/home/shivam/so100/build/so100_simulation': CMAKE_PREFIX_PATH=${CMAKE_PREFIX_PATH}:/opt/ros/humble /home/shivam/.local/bin/cmake --install /home/shivam/so100/build/so100_simulation
[1.212s] Level 1:colcon.colcon_core.environment:create_environment_scripts_only(so100_description)
[1.213s] DEBUG:colcon.colcon_core.event_handler.log_command:Invoked command in '/home/shivam/so100/build/so100_description' returned '0': CMAKE_PREFIX_PATH=${CMAKE_PREFIX_PATH}:/opt/ros/humble /home/shivam/.local/bin/cmake --install /home/shivam/so100/build/so100_description
[1.220s] Level 1:colcon.colcon_core.environment:checking '/home/shivam/so100/install/so100_description' for CMake module files
[1.221s] Level 1:colcon.colcon_core.environment:checking '/home/shivam/so100/install/so100_description' for CMake config files
[1.222s] Level 1:colcon.colcon_core.shell:create_environment_hook('so100_description', 'cmake_prefix_path')
[1.223s] INFO:colcon.colcon_core.shell:Creating environment hook '/home/shivam/so100/install/so100_description/share/so100_description/hook/cmake_prefix_path.ps1'
[1.226s] INFO:colcon.colcon_core.shell:Creating environment descriptor '/home/shivam/so100/install/so100_description/share/so100_description/hook/cmake_prefix_path.dsv'
[1.227s] INFO:colcon.colcon_core.shell:Creating environment hook '/home/shivam/so100/install/so100_description/share/so100_description/hook/cmake_prefix_path.sh'
[1.230s] Level 1:colcon.colcon_core.environment:checking '/home/shivam/so100/install/so100_description/bin'
[1.230s] Level 1:colcon.colcon_core.environment:checking '/home/shivam/so100/install/so100_description/lib/pkgconfig/so100_description.pc'
[1.231s] Level 1:colcon.colcon_core.environment:checking '/home/shivam/so100/install/so100_description/lib/python3.10/site-packages'
[1.232s] Level 1:colcon.colcon_core.environment:checking '/home/shivam/so100/install/so100_description/bin'
[1.233s] INFO:colcon.colcon_core.shell:Creating package script '/home/shivam/so100/install/so100_description/share/so100_description/package.ps1'
[1.238s] INFO:colcon.colcon_core.shell:Creating package descriptor '/home/shivam/so100/install/so100_description/share/so100_description/package.dsv'
[1.244s] INFO:colcon.colcon_core.shell:Creating package script '/home/shivam/so100/install/so100_description/share/so100_description/package.sh'
[1.247s] INFO:colcon.colcon_core.shell:Creating package script '/home/shivam/so100/install/so100_description/share/so100_description/package.bash'
[1.252s] INFO:colcon.colcon_core.shell:Creating package script '/home/shivam/so100/install/so100_description/share/so100_description/package.zsh'
[1.254s] Level 1:colcon.colcon_core.environment:create_file_with_runtime_dependencies(/home/shivam/so100/install/so100_description/share/colcon-core/packages/so100_description)
[1.258s] Level 1:colcon.colcon_core.environment:create_environment_scripts_only(so100_description)
[1.259s] Level 1:colcon.colcon_core.environment:checking '/home/shivam/so100/install/so100_description' for CMake module files
[1.261s] Level 1:colcon.colcon_core.environment:checking '/home/shivam/so100/install/so100_description' for CMake config files
[1.261s] Level 1:colcon.colcon_core.shell:create_environment_hook('so100_description', 'cmake_prefix_path')
[1.262s] INFO:colcon.colcon_core.shell:Creating environment hook '/home/shivam/so100/install/so100_description/share/so100_description/hook/cmake_prefix_path.ps1'
[1.263s] INFO:colcon.colcon_core.shell:Creating environment descriptor '/home/shivam/so100/install/so100_description/share/so100_description/hook/cmake_prefix_path.dsv'
[1.264s] INFO:colcon.colcon_core.shell:Creating environment hook '/home/shivam/so100/install/so100_description/share/so100_description/hook/cmake_prefix_path.sh'
[1.265s] Level 1:colcon.colcon_core.environment:checking '/home/shivam/so100/install/so100_description/bin'
[1.265s] Level 1:colcon.colcon_core.environment:checking '/home/shivam/so100/install/so100_description/lib/pkgconfig/so100_description.pc'
[1.265s] Level 1:colcon.colcon_core.environment:checking '/home/shivam/so100/install/so100_description/lib/python3.10/site-packages'
[1.266s] Level 1:colcon.colcon_core.environment:checking '/home/shivam/so100/install/so100_description/bin'
[1.267s] INFO:colcon.colcon_core.shell:Creating package script '/home/shivam/so100/install/so100_description/share/so100_description/package.ps1'
[1.268s] INFO:colcon.colcon_core.shell:Creating package descriptor '/home/shivam/so100/install/so100_description/share/so100_description/package.dsv'
[1.269s] INFO:colcon.colcon_core.shell:Creating package script '/home/shivam/so100/install/so100_description/share/so100_description/package.sh'
[1.270s] INFO:colcon.colcon_core.shell:Creating package script '/home/shivam/so100/install/so100_description/share/so100_description/package.bash'
[1.271s] INFO:colcon.colcon_core.shell:Creating package script '/home/shivam/so100/install/so100_description/share/so100_description/package.zsh'
[1.271s] Level 1:colcon.colcon_core.environment:create_file_with_runtime_dependencies(/home/shivam/so100/install/so100_description/share/colcon-core/packages/so100_description)
[1.274s] Level 1:colcon.colcon_core.environment:create_environment_scripts_only(so100_simulation)
[1.275s] Level 1:colcon.colcon_core.environment:checking '/home/shivam/so100/install/so100_simulation' for CMake module files
[1.278s] DEBUG:colcon.colcon_core.event_handler.log_command:Invoked command in '/home/shivam/so100/build/so100_simulation' returned '0': CMAKE_PREFIX_PATH=${CMAKE_PREFIX_PATH}:/opt/ros/humble /home/shivam/.local/bin/cmake --install /home/shivam/so100/build/so100_simulation
[1.278s] Level 1:colcon.colcon_core.environment:checking '/home/shivam/so100/install/so100_simulation' for CMake config files
[1.279s] Level 1:colcon.colcon_core.shell:create_environment_hook('so100_simulation', 'cmake_prefix_path')
[1.280s] INFO:colcon.colcon_core.shell:Creating environment hook '/home/shivam/so100/install/so100_simulation/share/so100_simulation/hook/cmake_prefix_path.ps1'
[1.281s] INFO:colcon.colcon_core.shell:Creating environment descriptor '/home/shivam/so100/install/so100_simulation/share/so100_simulation/hook/cmake_prefix_path.dsv'
[1.283s] INFO:colcon.colcon_core.shell:Creating environment hook '/home/shivam/so100/install/so100_simulation/share/so100_simulation/hook/cmake_prefix_path.sh'
[1.284s] Level 1:colcon.colcon_core.environment:checking '/home/shivam/so100/install/so100_simulation/bin'
[1.284s] Level 1:colcon.colcon_core.environment:checking '/home/shivam/so100/install/so100_simulation/lib/pkgconfig/so100_simulation.pc'
[1.285s] Level 1:colcon.colcon_core.environment:checking '/home/shivam/so100/install/so100_simulation/lib/python3.10/site-packages'
[1.286s] Level 1:colcon.colcon_core.environment:checking '/home/shivam/so100/install/so100_simulation/bin'
[1.287s] INFO:colcon.colcon_core.shell:Creating package script '/home/shivam/so100/install/so100_simulation/share/so100_simulation/package.ps1'
[1.289s] INFO:colcon.colcon_core.shell:Creating package descriptor '/home/shivam/so100/install/so100_simulation/share/so100_simulation/package.dsv'
[1.290s] INFO:colcon.colcon_core.shell:Creating package script '/home/shivam/so100/install/so100_simulation/share/so100_simulation/package.sh'
[1.292s] INFO:colcon.colcon_core.shell:Creating package script '/home/shivam/so100/install/so100_simulation/share/so100_simulation/package.bash'
[1.293s] INFO:colcon.colcon_core.shell:Creating package script '/home/shivam/so100/install/so100_simulation/share/so100_simulation/package.zsh'
[1.294s] Level 1:colcon.colcon_core.environment:create_file_with_runtime_dependencies(/home/shivam/so100/install/so100_simulation/share/colcon-core/packages/so100_simulation)
[1.296s] Level 1:colcon.colcon_core.environment:create_environment_scripts_only(so100_simulation)
[1.296s] Level 1:colcon.colcon_core.environment:checking '/home/shivam/so100/install/so100_simulation' for CMake module files
[1.297s] Level 1:colcon.colcon_core.environment:checking '/home/shivam/so100/install/so100_simulation' for CMake config files
[1.298s] Level 1:colcon.colcon_core.shell:create_environment_hook('so100_simulation', 'cmake_prefix_path')
[1.299s] INFO:colcon.colcon_core.shell:Creating environment hook '/home/shivam/so100/install/so100_simulation/share/so100_simulation/hook/cmake_prefix_path.ps1'
[1.300s] INFO:colcon.colcon_core.shell:Creating environment descriptor '/home/shivam/so100/install/so100_simulation/share/so100_simulation/hook/cmake_prefix_path.dsv'
[1.301s] INFO:colcon.colcon_core.shell:Creating environment hook '/home/shivam/so100/install/so100_simulation/share/so100_simulation/hook/cmake_prefix_path.sh'
[1.303s] Level 1:colcon.colcon_core.environment:checking '/home/shivam/so100/install/so100_simulation/bin'
[1.304s] Level 1:colcon.colcon_core.environment:checking '/home/shivam/so100/install/so100_simulation/lib/pkgconfig/so100_simulation.pc'
[1.304s] Level 1:colcon.colcon_core.environment:checking '/home/shivam/so100/install/so100_simulation/lib/python3.10/site-packages'
[1.305s] Level 1:colcon.colcon_core.environment:checking '/home/shivam/so100/install/so100_simulation/bin'
[1.306s] INFO:colcon.colcon_core.shell:Creating package script '/home/shivam/so100/install/so100_simulation/share/so100_simulation/package.ps1'
[1.309s] INFO:colcon.colcon_core.shell:Creating package descriptor '/home/shivam/so100/install/so100_simulation/share/so100_simulation/package.dsv'
[1.311s] INFO:colcon.colcon_core.shell:Creating package script '/home/shivam/so100/install/so100_simulation/share/so100_simulation/package.sh'
[1.312s] INFO:colcon.colcon_core.shell:Creating package script '/home/shivam/so100/install/so100_simulation/share/so100_simulation/package.bash'
[1.312s] INFO:colcon.colcon_core.shell:Creating package script '/home/shivam/so100/install/so100_simulation/share/so100_simulation/package.zsh'
[1.313s] Level 1:colcon.colcon_core.environment:create_file_with_runtime_dependencies(/home/shivam/so100/install/so100_simulation/share/colcon-core/packages/so100_simulation)
[1.314s] DEBUG:colcon.colcon_parallel_executor.executor.parallel:closing loop
[1.315s] DEBUG:colcon.colcon_parallel_executor.executor.parallel:loop closed
[1.316s] DEBUG:colcon.colcon_parallel_executor.executor.parallel:run_until_complete finished with '0'
[1.316s] DEBUG:colcon.colcon_core.event_reactor:joining thread
[1.327s] INFO:colcon.colcon_core.plugin_system:Skipping extension 'colcon_notification.desktop_notification.terminal_notifier': Not used on non-Darwin systems
[1.327s] INFO:colcon.colcon_core.plugin_system:Skipping extension 'colcon_notification.desktop_notification.win32': Not used on non-Windows systems
[1.327s] INFO:colcon.colcon_notification.desktop_notification:Sending desktop notification using 'notify2'
[1.364s] DEBUG:colcon.colcon_core.event_reactor:joined thread
[1.365s] INFO:colcon.colcon_core.shell:Creating prefix script '/home/shivam/so100/install/local_setup.ps1'
[1.367s] INFO:colcon.colcon_core.shell:Creating prefix util module '/home/shivam/so100/install/_local_setup_util_ps1.py'
[1.372s] INFO:colcon.colcon_core.shell:Creating prefix chain script '/home/shivam/so100/install/setup.ps1'
[1.376s] INFO:colcon.colcon_core.shell:Creating prefix script '/home/shivam/so100/install/local_setup.sh'
[1.378s] INFO:colcon.colcon_core.shell:Creating prefix util module '/home/shivam/so100/install/_local_setup_util_sh.py'
[1.380s] INFO:colcon.colcon_core.shell:Creating prefix chain script '/home/shivam/so100/install/setup.sh'
[1.382s] INFO:colcon.colcon_core.shell:Creating prefix script '/home/shivam/so100/install/local_setup.bash'
[1.384s] INFO:colcon.colcon_core.shell:Creating prefix chain script '/home/shivam/so100/install/setup.bash'
[1.387s] INFO:colcon.colcon_core.shell:Creating prefix script '/home/shivam/so100/install/local_setup.zsh'
[1.389s] INFO:colcon.colcon_core.shell:Creating prefix chain script '/home/shivam/so100/install/setup.zsh'
