[0.252s] DEBUG:colcon:Command line arguments: ['/usr/bin/colcon', 'build']
[0.253s] DEBUG:colcon:Parsed command line arguments: Namespace(log_base=None, log_level=None, verb_name='build', build_base='build', install_base='install', merge_install=False, symlink_install=False, test_result_base=None, continue_on_error=False, executor='parallel', parallel_workers=12, event_handlers=None, ignore_user_meta=False, metas=['./colcon.meta'], base_paths=['.'], packages_ignore=None, packages_ignore_regex=None, paths=None, packages_up_to=None, packages_up_to_regex=None, packages_above=None, packages_above_and_dependencies=None, packages_above_depth=None, packages_select_by_dep=None, packages_skip_by_dep=None, packages_skip_up_to=None, packages_select_build_failed=False, packages_skip_build_finished=False, packages_select_test_failures=False, packages_skip_test_passed=False, packages_select=None, packages_skip=None, packages_select_regex=None, packages_skip_regex=None, packages_start=None, packages_end=None, allow_overriding=[], cmake_args=None, cmake_target=None, cmake_target_skip_unavailable=False, cmake_clean_cache=False, cmake_clean_first=False, cmake_force_configure=False, ament_cmake_args=None, catkin_cmake_args=None, catkin_skip_building_tests=False, verb_parser=<colcon_defaults.argument_parser.defaults.DefaultArgumentsDecorator object at 0x7bceb0725de0>, verb_extension=<colcon_core.verb.build.BuildVerb object at 0x7bceb07257e0>, main=<bound method BuildVerb.main of <colcon_core.verb.build.BuildVerb object at 0x7bceb07257e0>>)
[0.369s] Level 1:colcon.colcon_core.package_discovery:discover_packages(colcon_meta) check parameters
[0.370s] Level 1:colcon.colcon_core.package_discovery:discover_packages(recursive) check parameters
[0.370s] Level 1:colcon.colcon_core.package_discovery:discover_packages(ignore) check parameters
[0.370s] Level 1:colcon.colcon_core.package_discovery:discover_packages(path) check parameters
[0.370s] Level 1:colcon.colcon_core.package_discovery:discover_packages(colcon_meta) discover
[0.371s] Level 1:colcon.colcon_core.package_discovery:discover_packages(recursive) discover
[0.371s] INFO:colcon.colcon_core.package_discovery:Crawling recursively for packages in '/home/shivam/so100'
[0.371s] Level 1:colcon.colcon_core.package_identification:_identify(.) by extensions ['ignore', 'ignore_ament_install']
[0.371s] Level 1:colcon.colcon_core.package_identification:_identify(.) by extension 'ignore'
[0.372s] Level 1:colcon.colcon_core.package_identification:_identify(.) by extension 'ignore_ament_install'
[0.372s] Level 1:colcon.colcon_core.package_identification:_identify(.) by extensions ['colcon_pkg']
[0.372s] Level 1:colcon.colcon_core.package_identification:_identify(.) by extension 'colcon_pkg'
[0.372s] Level 1:colcon.colcon_core.package_identification:_identify(.) by extensions ['colcon_meta']
[0.372s] Level 1:colcon.colcon_core.package_identification:_identify(.) by extension 'colcon_meta'
[0.372s] Level 1:colcon.colcon_core.package_identification:_identify(.) by extensions ['ros']
[0.372s] Level 1:colcon.colcon_core.package_identification:_identify(.) by extension 'ros'
[0.407s] Level 1:colcon.colcon_core.package_identification:_identify(.) by extensions ['cmake', 'python']
[0.408s] Level 1:colcon.colcon_core.package_identification:_identify(.) by extension 'cmake'
[0.408s] Level 1:colcon.colcon_core.package_identification:_identify(.) by extension 'python'
[0.408s] Level 1:colcon.colcon_core.package_identification:_identify(.) by extensions ['python_setup_py']
[0.408s] Level 1:colcon.colcon_core.package_identification:_identify(.) by extension 'python_setup_py'
[0.408s] Level 1:colcon.colcon_core.package_identification:_identify(build) by extensions ['ignore', 'ignore_ament_install']
[0.408s] Level 1:colcon.colcon_core.package_identification:_identify(build) by extension 'ignore'
[0.409s] Level 1:colcon.colcon_core.package_identification:_identify(build) ignored
[0.409s] Level 1:colcon.colcon_core.package_identification:_identify(install) by extensions ['ignore', 'ignore_ament_install']
[0.409s] Level 1:colcon.colcon_core.package_identification:_identify(install) by extension 'ignore'
[0.409s] Level 1:colcon.colcon_core.package_identification:_identify(install) ignored
[0.409s] Level 1:colcon.colcon_core.package_identification:_identify(log) by extensions ['ignore', 'ignore_ament_install']
[0.409s] Level 1:colcon.colcon_core.package_identification:_identify(log) by extension 'ignore'
[0.410s] Level 1:colcon.colcon_core.package_identification:_identify(log) ignored
[0.410s] Level 1:colcon.colcon_core.package_identification:_identify(src) by extensions ['ignore', 'ignore_ament_install']
[0.410s] Level 1:colcon.colcon_core.package_identification:_identify(src) by extension 'ignore'
[0.410s] Level 1:colcon.colcon_core.package_identification:_identify(src) by extension 'ignore_ament_install'
[0.410s] Level 1:colcon.colcon_core.package_identification:_identify(src) by extensions ['colcon_pkg']
[0.410s] Level 1:colcon.colcon_core.package_identification:_identify(src) by extension 'colcon_pkg'
[0.410s] Level 1:colcon.colcon_core.package_identification:_identify(src) by extensions ['colcon_meta']
[0.410s] Level 1:colcon.colcon_core.package_identification:_identify(src) by extension 'colcon_meta'
[0.410s] Level 1:colcon.colcon_core.package_identification:_identify(src) by extensions ['ros']
[0.410s] Level 1:colcon.colcon_core.package_identification:_identify(src) by extension 'ros'
[0.411s] Level 1:colcon.colcon_core.package_identification:_identify(src) by extensions ['cmake', 'python']
[0.411s] Level 1:colcon.colcon_core.package_identification:_identify(src) by extension 'cmake'
[0.411s] Level 1:colcon.colcon_core.package_identification:_identify(src) by extension 'python'
[0.411s] Level 1:colcon.colcon_core.package_identification:_identify(src) by extensions ['python_setup_py']
[0.411s] Level 1:colcon.colcon_core.package_identification:_identify(src) by extension 'python_setup_py'
[0.411s] Level 1:colcon.colcon_core.package_identification:_identify(src/so100_description) by extensions ['ignore', 'ignore_ament_install']
[0.411s] Level 1:colcon.colcon_core.package_identification:_identify(src/so100_description) by extension 'ignore'
[0.411s] Level 1:colcon.colcon_core.package_identification:_identify(src/so100_description) by extension 'ignore_ament_install'
[0.411s] Level 1:colcon.colcon_core.package_identification:_identify(src/so100_description) by extensions ['colcon_pkg']
[0.411s] Level 1:colcon.colcon_core.package_identification:_identify(src/so100_description) by extension 'colcon_pkg'
[0.412s] Level 1:colcon.colcon_core.package_identification:_identify(src/so100_description) by extensions ['colcon_meta']
[0.412s] Level 1:colcon.colcon_core.package_identification:_identify(src/so100_description) by extension 'colcon_meta'
[0.412s] Level 1:colcon.colcon_core.package_identification:_identify(src/so100_description) by extensions ['ros']
[0.412s] Level 1:colcon.colcon_core.package_identification:_identify(src/so100_description) by extension 'ros'
[0.417s] DEBUG:colcon.colcon_core.package_identification:Package 'src/so100_description' with type 'ros.ament_cmake' and name 'so100_description'
[0.418s] Level 1:colcon.colcon_core.package_identification:_identify(src/so100_simulation) by extensions ['ignore', 'ignore_ament_install']
[0.418s] Level 1:colcon.colcon_core.package_identification:_identify(src/so100_simulation) by extension 'ignore'
[0.418s] Level 1:colcon.colcon_core.package_identification:_identify(src/so100_simulation) by extension 'ignore_ament_install'
[0.418s] Level 1:colcon.colcon_core.package_identification:_identify(src/so100_simulation) by extensions ['colcon_pkg']
[0.418s] Level 1:colcon.colcon_core.package_identification:_identify(src/so100_simulation) by extension 'colcon_pkg'
[0.418s] Level 1:colcon.colcon_core.package_identification:_identify(src/so100_simulation) by extensions ['colcon_meta']
[0.418s] Level 1:colcon.colcon_core.package_identification:_identify(src/so100_simulation) by extension 'colcon_meta'
[0.419s] Level 1:colcon.colcon_core.package_identification:_identify(src/so100_simulation) by extensions ['ros']
[0.419s] Level 1:colcon.colcon_core.package_identification:_identify(src/so100_simulation) by extension 'ros'
[0.420s] DEBUG:colcon.colcon_core.package_identification:Package 'src/so100_simulation' with type 'ros.ament_cmake' and name 'so100_simulation'
[0.420s] Level 1:colcon.colcon_core.package_discovery:discover_packages(recursive) using defaults
[0.420s] Level 1:colcon.colcon_core.package_discovery:discover_packages(ignore) discover
[0.420s] Level 1:colcon.colcon_core.package_discovery:discover_packages(ignore) using defaults
[0.420s] Level 1:colcon.colcon_core.package_discovery:discover_packages(path) discover
[0.420s] Level 1:colcon.colcon_core.package_discovery:discover_packages(path) using defaults
[0.473s] Level 1:colcon.colcon_core.package_discovery:discover_packages(prefix_path) check parameters
[0.473s] Level 1:colcon.colcon_core.package_discovery:discover_packages(prefix_path) discover
[0.481s] DEBUG:colcon.colcon_installed_package_information.package_discovery:Found 320 installed packages in /opt/ros/humble
[0.484s] Level 1:colcon.colcon_core.package_discovery:discover_packages(prefix_path) using defaults
[0.598s] Level 5:colcon.colcon_core.verb:set package 'so100_description' build argument 'cmake_args' from command line to 'None'
[0.598s] Level 5:colcon.colcon_core.verb:set package 'so100_description' build argument 'cmake_target' from command line to 'None'
[0.598s] Level 5:colcon.colcon_core.verb:set package 'so100_description' build argument 'cmake_target_skip_unavailable' from command line to 'False'
[0.598s] Level 5:colcon.colcon_core.verb:set package 'so100_description' build argument 'cmake_clean_cache' from command line to 'False'
[0.598s] Level 5:colcon.colcon_core.verb:set package 'so100_description' build argument 'cmake_clean_first' from command line to 'False'
[0.598s] Level 5:colcon.colcon_core.verb:set package 'so100_description' build argument 'cmake_force_configure' from command line to 'False'
[0.598s] Level 5:colcon.colcon_core.verb:set package 'so100_description' build argument 'ament_cmake_args' from command line to 'None'
[0.599s] Level 5:colcon.colcon_core.verb:set package 'so100_description' build argument 'catkin_cmake_args' from command line to 'None'
[0.599s] Level 5:colcon.colcon_core.verb:set package 'so100_description' build argument 'catkin_skip_building_tests' from command line to 'False'
[0.599s] DEBUG:colcon.colcon_core.verb:Building package 'so100_description' with the following arguments: {'ament_cmake_args': None, 'build_base': '/home/shivam/so100/build/so100_description', 'catkin_cmake_args': None, 'catkin_skip_building_tests': False, 'cmake_args': None, 'cmake_clean_cache': False, 'cmake_clean_first': False, 'cmake_force_configure': False, 'cmake_target': None, 'cmake_target_skip_unavailable': False, 'install_base': '/home/shivam/so100/install/so100_description', 'merge_install': False, 'path': '/home/shivam/so100/src/so100_description', 'symlink_install': False, 'test_result_base': None}
[0.600s] Level 5:colcon.colcon_core.verb:set package 'so100_simulation' build argument 'cmake_args' from command line to 'None'
[0.600s] Level 5:colcon.colcon_core.verb:set package 'so100_simulation' build argument 'cmake_target' from command line to 'None'
[0.600s] Level 5:colcon.colcon_core.verb:set package 'so100_simulation' build argument 'cmake_target_skip_unavailable' from command line to 'False'
[0.600s] Level 5:colcon.colcon_core.verb:set package 'so100_simulation' build argument 'cmake_clean_cache' from command line to 'False'
[0.600s] Level 5:colcon.colcon_core.verb:set package 'so100_simulation' build argument 'cmake_clean_first' from command line to 'False'
[0.600s] Level 5:colcon.colcon_core.verb:set package 'so100_simulation' build argument 'cmake_force_configure' from command line to 'False'
[0.600s] Level 5:colcon.colcon_core.verb:set package 'so100_simulation' build argument 'ament_cmake_args' from command line to 'None'
[0.601s] Level 5:colcon.colcon_core.verb:set package 'so100_simulation' build argument 'catkin_cmake_args' from command line to 'None'
[0.601s] Level 5:colcon.colcon_core.verb:set package 'so100_simulation' build argument 'catkin_skip_building_tests' from command line to 'False'
[0.601s] DEBUG:colcon.colcon_core.verb:Building package 'so100_simulation' with the following arguments: {'ament_cmake_args': None, 'build_base': '/home/shivam/so100/build/so100_simulation', 'catkin_cmake_args': None, 'catkin_skip_building_tests': False, 'cmake_args': None, 'cmake_clean_cache': False, 'cmake_clean_first': False, 'cmake_force_configure': False, 'cmake_target': None, 'cmake_target_skip_unavailable': False, 'install_base': '/home/shivam/so100/install/so100_simulation', 'merge_install': False, 'path': '/home/shivam/so100/src/so100_simulation', 'symlink_install': False, 'test_result_base': None}
[0.601s] INFO:colcon.colcon_core.executor:Executing jobs using 'parallel' executor
[0.604s] DEBUG:colcon.colcon_parallel_executor.executor.parallel:run_until_complete
[0.605s] INFO:colcon.colcon_ros.task.ament_cmake.build:Building ROS package in '/home/shivam/so100/src/so100_description' with build type 'ament_cmake'
[0.605s] INFO:colcon.colcon_cmake.task.cmake.build:Building CMake package in '/home/shivam/so100/src/so100_description'
[0.614s] INFO:colcon.colcon_core.plugin_system:Skipping extension 'colcon_core.shell.bat': Not used on non-Windows systems
[0.615s] INFO:colcon.colcon_core.shell:Skip shell extension 'powershell' for command environment: Not usable outside of PowerShell
[0.615s] DEBUG:colcon.colcon_core.shell:Skip shell extension 'dsv' for command environment
[0.624s] INFO:colcon.colcon_ros.task.ament_cmake.build:Building ROS package in '/home/shivam/so100/src/so100_simulation' with build type 'ament_cmake'
[0.624s] INFO:colcon.colcon_cmake.task.cmake.build:Building CMake package in '/home/shivam/so100/src/so100_simulation'
[0.625s] INFO:colcon.colcon_core.shell:Skip shell extension 'powershell' for command environment: Not usable outside of PowerShell
[0.626s] DEBUG:colcon.colcon_core.shell:Skip shell extension 'dsv' for command environment
[0.645s] DEBUG:colcon.colcon_core.event_handler.log_command:Invoking command in '/home/shivam/so100/build/so100_description': CMAKE_PREFIX_PATH=/opt/ros/humble /home/shivam/.local/bin/cmake /home/shivam/so100/src/so100_description -DCMAKE_INSTALL_PREFIX=/home/shivam/so100/install/so100_description
[0.659s] DEBUG:colcon.colcon_core.event_handler.log_command:Invoking command in '/home/shivam/so100/build/so100_simulation': CMAKE_PREFIX_PATH=/opt/ros/humble /home/shivam/.local/bin/cmake /home/shivam/so100/src/so100_simulation -DCMAKE_INSTALL_PREFIX=/home/shivam/so100/install/so100_simulation
[1.808s] DEBUG:colcon.colcon_core.event_handler.log_command:Invoked command in '/home/shivam/so100/build/so100_description' returned '0': CMAKE_PREFIX_PATH=/opt/ros/humble /home/shivam/.local/bin/cmake /home/shivam/so100/src/so100_description -DCMAKE_INSTALL_PREFIX=/home/shivam/so100/install/so100_description
[1.810s] DEBUG:colcon.colcon_core.event_handler.log_command:Invoking command in '/home/shivam/so100/build/so100_description': CMAKE_PREFIX_PATH=/opt/ros/humble /home/shivam/.local/bin/cmake --build /home/shivam/so100/build/so100_description -- -j12 -l12
[1.862s] DEBUG:colcon.colcon_core.event_handler.log_command:Invoked command in '/home/shivam/so100/build/so100_simulation' returned '0': CMAKE_PREFIX_PATH=/opt/ros/humble /home/shivam/.local/bin/cmake /home/shivam/so100/src/so100_simulation -DCMAKE_INSTALL_PREFIX=/home/shivam/so100/install/so100_simulation
[1.866s] DEBUG:colcon.colcon_core.event_handler.log_command:Invoking command in '/home/shivam/so100/build/so100_simulation': CMAKE_PREFIX_PATH=/opt/ros/humble /home/shivam/.local/bin/cmake --build /home/shivam/so100/build/so100_simulation -- -j12 -l12
[2.087s] DEBUG:colcon.colcon_core.event_handler.log_command:Invoked command in '/home/shivam/so100/build/so100_description' returned '0': CMAKE_PREFIX_PATH=/opt/ros/humble /home/shivam/.local/bin/cmake --build /home/shivam/so100/build/so100_description -- -j12 -l12
[2.307s] DEBUG:colcon.colcon_core.event_handler.log_command:Invoking command in '/home/shivam/so100/build/so100_description': CMAKE_PREFIX_PATH=/opt/ros/humble /home/shivam/.local/bin/cmake --install /home/shivam/so100/build/so100_description
[2.311s] DEBUG:colcon.colcon_core.event_handler.log_command:Invoked command in '/home/shivam/so100/build/so100_simulation' returned '0': CMAKE_PREFIX_PATH=/opt/ros/humble /home/shivam/.local/bin/cmake --build /home/shivam/so100/build/so100_simulation -- -j12 -l12
[2.318s] DEBUG:colcon.colcon_core.event_handler.log_command:Invoking command in '/home/shivam/so100/build/so100_simulation': CMAKE_PREFIX_PATH=/opt/ros/humble /home/shivam/.local/bin/cmake --install /home/shivam/so100/build/so100_simulation
[2.513s] Level 1:colcon.colcon_core.environment:create_environment_scripts_only(so100_simulation)
[2.515s] DEBUG:colcon.colcon_core.event_handler.log_command:Invoked command in '/home/shivam/so100/build/so100_simulation' returned '0': CMAKE_PREFIX_PATH=/opt/ros/humble /home/shivam/.local/bin/cmake --install /home/shivam/so100/build/so100_simulation
[2.536s] Level 1:colcon.colcon_core.environment:checking '/home/shivam/so100/install/so100_simulation' for CMake module files
[2.538s] Level 1:colcon.colcon_core.environment:checking '/home/shivam/so100/install/so100_simulation' for CMake config files
[2.541s] Level 1:colcon.colcon_core.shell:create_environment_hook('so100_simulation', 'cmake_prefix_path')
[2.542s] INFO:colcon.colcon_core.shell:Creating environment hook '/home/shivam/so100/install/so100_simulation/share/so100_simulation/hook/cmake_prefix_path.ps1'
[2.544s] INFO:colcon.colcon_core.shell:Creating environment descriptor '/home/shivam/so100/install/so100_simulation/share/so100_simulation/hook/cmake_prefix_path.dsv'
[2.546s] INFO:colcon.colcon_core.shell:Creating environment hook '/home/shivam/so100/install/so100_simulation/share/so100_simulation/hook/cmake_prefix_path.sh'
[2.549s] Level 1:colcon.colcon_core.environment:checking '/home/shivam/so100/install/so100_simulation/bin'
[2.549s] Level 1:colcon.colcon_core.environment:checking '/home/shivam/so100/install/so100_simulation/lib/pkgconfig/so100_simulation.pc'
[2.550s] Level 1:colcon.colcon_core.environment:checking '/home/shivam/so100/install/so100_simulation/lib/python3.10/site-packages'
[2.551s] Level 1:colcon.colcon_core.environment:checking '/home/shivam/so100/install/so100_simulation/bin'
[2.552s] INFO:colcon.colcon_core.shell:Creating package script '/home/shivam/so100/install/so100_simulation/share/so100_simulation/package.ps1'
[2.556s] INFO:colcon.colcon_core.shell:Creating package descriptor '/home/shivam/so100/install/so100_simulation/share/so100_simulation/package.dsv'
[2.558s] INFO:colcon.colcon_core.shell:Creating package script '/home/shivam/so100/install/so100_simulation/share/so100_simulation/package.sh'
[2.559s] INFO:colcon.colcon_core.shell:Creating package script '/home/shivam/so100/install/so100_simulation/share/so100_simulation/package.bash'
[2.561s] INFO:colcon.colcon_core.shell:Creating package script '/home/shivam/so100/install/so100_simulation/share/so100_simulation/package.zsh'
[2.563s] Level 1:colcon.colcon_core.environment:create_file_with_runtime_dependencies(/home/shivam/so100/install/so100_simulation/share/colcon-core/packages/so100_simulation)
[2.564s] Level 1:colcon.colcon_core.environment:create_environment_scripts_only(so100_simulation)
[2.565s] Level 1:colcon.colcon_core.environment:checking '/home/shivam/so100/install/so100_simulation' for CMake module files
[2.566s] Level 1:colcon.colcon_core.environment:checking '/home/shivam/so100/install/so100_simulation' for CMake config files
[2.566s] Level 1:colcon.colcon_core.shell:create_environment_hook('so100_simulation', 'cmake_prefix_path')
[2.567s] INFO:colcon.colcon_core.shell:Creating environment hook '/home/shivam/so100/install/so100_simulation/share/so100_simulation/hook/cmake_prefix_path.ps1'
[2.568s] INFO:colcon.colcon_core.shell:Creating environment descriptor '/home/shivam/so100/install/so100_simulation/share/so100_simulation/hook/cmake_prefix_path.dsv'
[2.568s] INFO:colcon.colcon_core.shell:Creating environment hook '/home/shivam/so100/install/so100_simulation/share/so100_simulation/hook/cmake_prefix_path.sh'
[2.569s] Level 1:colcon.colcon_core.environment:checking '/home/shivam/so100/install/so100_simulation/bin'
[2.570s] Level 1:colcon.colcon_core.environment:checking '/home/shivam/so100/install/so100_simulation/lib/pkgconfig/so100_simulation.pc'
[2.570s] Level 1:colcon.colcon_core.environment:checking '/home/shivam/so100/install/so100_simulation/lib/python3.10/site-packages'
[2.571s] Level 1:colcon.colcon_core.environment:checking '/home/shivam/so100/install/so100_simulation/bin'
[2.571s] INFO:colcon.colcon_core.shell:Creating package script '/home/shivam/so100/install/so100_simulation/share/so100_simulation/package.ps1'
[2.573s] INFO:colcon.colcon_core.shell:Creating package descriptor '/home/shivam/so100/install/so100_simulation/share/so100_simulation/package.dsv'
[2.574s] INFO:colcon.colcon_core.shell:Creating package script '/home/shivam/so100/install/so100_simulation/share/so100_simulation/package.sh'
[2.574s] INFO:colcon.colcon_core.shell:Creating package script '/home/shivam/so100/install/so100_simulation/share/so100_simulation/package.bash'
[2.575s] INFO:colcon.colcon_core.shell:Creating package script '/home/shivam/so100/install/so100_simulation/share/so100_simulation/package.zsh'
[2.576s] Level 1:colcon.colcon_core.environment:create_file_with_runtime_dependencies(/home/shivam/so100/install/so100_simulation/share/colcon-core/packages/so100_simulation)
[2.578s] Level 1:colcon.colcon_core.environment:create_environment_scripts_only(so100_description)
[2.579s] Level 1:colcon.colcon_core.environment:checking '/home/shivam/so100/install/so100_description' for CMake module files
[2.581s] DEBUG:colcon.colcon_core.event_handler.log_command:Invoked command in '/home/shivam/so100/build/so100_description' returned '0': CMAKE_PREFIX_PATH=/opt/ros/humble /home/shivam/.local/bin/cmake --install /home/shivam/so100/build/so100_description
[2.582s] Level 1:colcon.colcon_core.environment:checking '/home/shivam/so100/install/so100_description' for CMake config files
[2.583s] Level 1:colcon.colcon_core.shell:create_environment_hook('so100_description', 'cmake_prefix_path')
[2.584s] INFO:colcon.colcon_core.shell:Creating environment hook '/home/shivam/so100/install/so100_description/share/so100_description/hook/cmake_prefix_path.ps1'
[2.585s] INFO:colcon.colcon_core.shell:Creating environment descriptor '/home/shivam/so100/install/so100_description/share/so100_description/hook/cmake_prefix_path.dsv'
[2.586s] INFO:colcon.colcon_core.shell:Creating environment hook '/home/shivam/so100/install/so100_description/share/so100_description/hook/cmake_prefix_path.sh'
[2.587s] Level 1:colcon.colcon_core.environment:checking '/home/shivam/so100/install/so100_description/bin'
[2.587s] Level 1:colcon.colcon_core.environment:checking '/home/shivam/so100/install/so100_description/lib/pkgconfig/so100_description.pc'
[2.587s] Level 1:colcon.colcon_core.environment:checking '/home/shivam/so100/install/so100_description/lib/python3.10/site-packages'
[2.588s] Level 1:colcon.colcon_core.environment:checking '/home/shivam/so100/install/so100_description/bin'
[2.589s] INFO:colcon.colcon_core.shell:Creating package script '/home/shivam/so100/install/so100_description/share/so100_description/package.ps1'
[2.590s] INFO:colcon.colcon_core.shell:Creating package descriptor '/home/shivam/so100/install/so100_description/share/so100_description/package.dsv'
[2.591s] INFO:colcon.colcon_core.shell:Creating package script '/home/shivam/so100/install/so100_description/share/so100_description/package.sh'
[2.591s] INFO:colcon.colcon_core.shell:Creating package script '/home/shivam/so100/install/so100_description/share/so100_description/package.bash'
[2.592s] INFO:colcon.colcon_core.shell:Creating package script '/home/shivam/so100/install/so100_description/share/so100_description/package.zsh'
[2.593s] Level 1:colcon.colcon_core.environment:create_file_with_runtime_dependencies(/home/shivam/so100/install/so100_description/share/colcon-core/packages/so100_description)
[2.594s] Level 1:colcon.colcon_core.environment:create_environment_scripts_only(so100_description)
[2.594s] Level 1:colcon.colcon_core.environment:checking '/home/shivam/so100/install/so100_description' for CMake module files
[2.595s] Level 1:colcon.colcon_core.environment:checking '/home/shivam/so100/install/so100_description' for CMake config files
[2.595s] Level 1:colcon.colcon_core.shell:create_environment_hook('so100_description', 'cmake_prefix_path')
[2.596s] INFO:colcon.colcon_core.shell:Creating environment hook '/home/shivam/so100/install/so100_description/share/so100_description/hook/cmake_prefix_path.ps1'
[2.597s] INFO:colcon.colcon_core.shell:Creating environment descriptor '/home/shivam/so100/install/so100_description/share/so100_description/hook/cmake_prefix_path.dsv'
[2.598s] INFO:colcon.colcon_core.shell:Creating environment hook '/home/shivam/so100/install/so100_description/share/so100_description/hook/cmake_prefix_path.sh'
[2.599s] Level 1:colcon.colcon_core.environment:checking '/home/shivam/so100/install/so100_description/bin'
[2.599s] Level 1:colcon.colcon_core.environment:checking '/home/shivam/so100/install/so100_description/lib/pkgconfig/so100_description.pc'
[2.599s] Level 1:colcon.colcon_core.environment:checking '/home/shivam/so100/install/so100_description/lib/python3.10/site-packages'
[2.600s] Level 1:colcon.colcon_core.environment:checking '/home/shivam/so100/install/so100_description/bin'
[2.601s] INFO:colcon.colcon_core.shell:Creating package script '/home/shivam/so100/install/so100_description/share/so100_description/package.ps1'
[2.603s] INFO:colcon.colcon_core.shell:Creating package descriptor '/home/shivam/so100/install/so100_description/share/so100_description/package.dsv'
[2.604s] INFO:colcon.colcon_core.shell:Creating package script '/home/shivam/so100/install/so100_description/share/so100_description/package.sh'
[2.605s] INFO:colcon.colcon_core.shell:Creating package script '/home/shivam/so100/install/so100_description/share/so100_description/package.bash'
[2.606s] INFO:colcon.colcon_core.shell:Creating package script '/home/shivam/so100/install/so100_description/share/so100_description/package.zsh'
[2.607s] Level 1:colcon.colcon_core.environment:create_file_with_runtime_dependencies(/home/shivam/so100/install/so100_description/share/colcon-core/packages/so100_description)
[2.608s] DEBUG:colcon.colcon_parallel_executor.executor.parallel:closing loop
[2.608s] DEBUG:colcon.colcon_parallel_executor.executor.parallel:loop closed
[2.609s] DEBUG:colcon.colcon_parallel_executor.executor.parallel:run_until_complete finished with '0'
[2.609s] DEBUG:colcon.colcon_core.event_reactor:joining thread
[2.622s] INFO:colcon.colcon_core.plugin_system:Skipping extension 'colcon_notification.desktop_notification.terminal_notifier': Not used on non-Darwin systems
[2.622s] INFO:colcon.colcon_core.plugin_system:Skipping extension 'colcon_notification.desktop_notification.win32': Not used on non-Windows systems
[2.623s] INFO:colcon.colcon_notification.desktop_notification:Sending desktop notification using 'notify2'
[2.702s] DEBUG:colcon.colcon_core.event_reactor:joined thread
[2.703s] INFO:colcon.colcon_core.shell:Creating prefix script '/home/shivam/so100/install/local_setup.ps1'
[2.706s] INFO:colcon.colcon_core.shell:Creating prefix util module '/home/shivam/so100/install/_local_setup_util_ps1.py'
[2.709s] INFO:colcon.colcon_core.shell:Creating prefix chain script '/home/shivam/so100/install/setup.ps1'
[2.711s] INFO:colcon.colcon_core.shell:Creating prefix script '/home/shivam/so100/install/local_setup.sh'
[2.713s] INFO:colcon.colcon_core.shell:Creating prefix util module '/home/shivam/so100/install/_local_setup_util_sh.py'
[2.715s] INFO:colcon.colcon_core.shell:Creating prefix chain script '/home/shivam/so100/install/setup.sh'
[2.718s] INFO:colcon.colcon_core.shell:Creating prefix script '/home/shivam/so100/install/local_setup.bash'
[2.719s] INFO:colcon.colcon_core.shell:Creating prefix chain script '/home/shivam/so100/install/setup.bash'
[2.722s] INFO:colcon.colcon_core.shell:Creating prefix script '/home/shivam/so100/install/local_setup.zsh'
[2.723s] INFO:colcon.colcon_core.shell:Creating prefix chain script '/home/shivam/so100/install/setup.zsh'
