-- Install configuration: ""
-- Execute custom install script
-- Symlinking: /home/shivam/so100/install/so100_description/share/so100_description/urdf/assets/Base.stl
-- Symlinking: /home/shivam/so100/install/so100_description/share/so100_description/urdf/assets/Base_Motor.stl
-- Symlinking: /home/shivam/so100/install/so100_description/share/so100_description/urdf/assets/Fixed_Jaw.stl
-- Symlinking: /home/shivam/so100/install/so100_description/share/so100_description/urdf/assets/Fixed_Jaw_Motor.stl
-- Symlinking: /home/shivam/so100/install/so100_description/share/so100_description/urdf/assets/Lower_Arm.stl
-- Symlinking: /home/shivam/so100/install/so100_description/share/so100_description/urdf/assets/Lower_Arm_Motor.stl
-- Symlinking: /home/shivam/so100/install/so100_description/share/so100_description/urdf/assets/Moving_Jaw.stl
-- Symlinking: /home/shivam/so100/install/so100_description/share/so100_description/urdf/assets/Rotation_Pitch.stl
-- Symlinking: /home/shivam/so100/install/so100_description/share/so100_description/urdf/assets/Rotation_Pitch_Motor.stl
-- Symlinking: /home/shivam/so100/install/so100_description/share/so100_description/urdf/assets/Upper_Arm.stl
-- Symlinking: /home/shivam/so100/install/so100_description/share/so100_description/urdf/assets/Upper_Arm_Motor.stl
-- Symlinking: /home/shivam/so100/install/so100_description/share/so100_description/urdf/assets/Wrist_Pitch_Roll.stl
-- Symlinking: /home/shivam/so100/install/so100_description/share/so100_description/urdf/assets/Wrist_Pitch_Roll_Motor.stl
-- Symlinking: /home/shivam/so100/install/so100_description/share/so100_description/urdf/so100 copy.urdf
-- Symlinking: /home/shivam/so100/install/so100_description/share/so100_description/urdf/so100.urdf
-- Symlinking: /home/shivam/so100/install/so100_description/share/so100_description/rviz/so100.rviz
-- Up-to-date symlink: /home/shivam/so100/install/so100_description/share/so100_description/urdf/assets/Base.stl
-- Up-to-date symlink: /home/shivam/so100/install/so100_description/share/so100_description/urdf/assets/Base_Motor.stl
-- Up-to-date symlink: /home/shivam/so100/install/so100_description/share/so100_description/urdf/assets/Fixed_Jaw.stl
-- Up-to-date symlink: /home/shivam/so100/install/so100_description/share/so100_description/urdf/assets/Fixed_Jaw_Motor.stl
-- Up-to-date symlink: /home/shivam/so100/install/so100_description/share/so100_description/urdf/assets/Lower_Arm.stl
-- Up-to-date symlink: /home/shivam/so100/install/so100_description/share/so100_description/urdf/assets/Lower_Arm_Motor.stl
-- Up-to-date symlink: /home/shivam/so100/install/so100_description/share/so100_description/urdf/assets/Moving_Jaw.stl
-- Up-to-date symlink: /home/shivam/so100/install/so100_description/share/so100_description/urdf/assets/Rotation_Pitch.stl
-- Up-to-date symlink: /home/shivam/so100/install/so100_description/share/so100_description/urdf/assets/Rotation_Pitch_Motor.stl
-- Up-to-date symlink: /home/shivam/so100/install/so100_description/share/so100_description/urdf/assets/Upper_Arm.stl
-- Up-to-date symlink: /home/shivam/so100/install/so100_description/share/so100_description/urdf/assets/Upper_Arm_Motor.stl
-- Up-to-date symlink: /home/shivam/so100/install/so100_description/share/so100_description/urdf/assets/Wrist_Pitch_Roll.stl
-- Up-to-date symlink: /home/shivam/so100/install/so100_description/share/so100_description/urdf/assets/Wrist_Pitch_Roll_Motor.stl
-- Symlinking: /home/shivam/so100/install/so100_description/share/ament_index/resource_index/package_run_dependencies/so100_description
-- Symlinking: /home/shivam/so100/install/so100_description/share/ament_index/resource_index/parent_prefix_path/so100_description
-- Symlinking: /home/shivam/so100/install/so100_description/share/so100_description/environment/ament_prefix_path.sh
-- Symlinking: /home/shivam/so100/install/so100_description/share/so100_description/environment/ament_prefix_path.dsv
-- Symlinking: /home/shivam/so100/install/so100_description/share/so100_description/environment/path.sh
-- Symlinking: /home/shivam/so100/install/so100_description/share/so100_description/environment/path.dsv
-- Symlinking: /home/shivam/so100/install/so100_description/share/so100_description/local_setup.bash
-- Symlinking: /home/shivam/so100/install/so100_description/share/so100_description/local_setup.sh
-- Symlinking: /home/shivam/so100/install/so100_description/share/so100_description/local_setup.zsh
-- Symlinking: /home/shivam/so100/install/so100_description/share/so100_description/local_setup.dsv
-- Symlinking: /home/shivam/so100/install/so100_description/share/so100_description/package.dsv
-- Symlinking: /home/shivam/so100/install/so100_description/share/ament_index/resource_index/packages/so100_description
-- Symlinking: /home/shivam/so100/install/so100_description/share/so100_description/cmake/so100_descriptionConfig.cmake
-- Symlinking: /home/shivam/so100/install/so100_description/share/so100_description/cmake/so100_descriptionConfig-version.cmake
-- Symlinking: /home/shivam/so100/install/so100_description/share/so100_description/package.xml
