[0.017s] Invoking command in '/home/shivam/so100/build/so100_description': CMAKE_PREFIX_PATH=${CMAKE_PREFIX_PATH}:/opt/ros/humble /home/shivam/.local/bin/cmake --build /home/shivam/so100/build/so100_description -- -j12 -l12
[0.165s] Invoked command in '/home/shivam/so100/build/so100_description' returned '0': CMAKE_PREFIX_PATH=${CMAKE_PREFIX_PATH}:/opt/ros/humble /home/shivam/.local/bin/cmake --build /home/shivam/so100/build/so100_description -- -j12 -l12
[0.269s] Invoking command in '/home/shivam/so100/build/so100_description': CMAKE_PREFIX_PATH=${CMAKE_PREFIX_PATH}:/opt/ros/humble /home/shivam/.local/bin/cmake --install /home/shivam/so100/build/so100_description
[0.389s] -- Install configuration: ""
[0.390s] -- Execute custom install script
[0.391s] -- Symlinking: /home/shivam/so100/install/so100_description/share/so100_description/urdf/assets/Base.stl
[0.397s] -- Symlinking: /home/shivam/so100/install/so100_description/share/so100_description/urdf/assets/Base_Motor.stl
[0.401s] -- Symlinking: /home/shivam/so100/install/so100_description/share/so100_description/urdf/assets/Fixed_Jaw.stl
[0.406s] -- Symlinking: /home/shivam/so100/install/so100_description/share/so100_description/urdf/assets/Fixed_Jaw_Motor.stl
[0.411s] -- Symlinking: /home/shivam/so100/install/so100_description/share/so100_description/urdf/assets/Lower_Arm.stl
[0.416s] -- Symlinking: /home/shivam/so100/install/so100_description/share/so100_description/urdf/assets/Lower_Arm_Motor.stl
[0.422s] -- Symlinking: /home/shivam/so100/install/so100_description/share/so100_description/urdf/assets/Moving_Jaw.stl
[0.428s] -- Symlinking: /home/shivam/so100/install/so100_description/share/so100_description/urdf/assets/Rotation_Pitch.stl
[0.435s] -- Symlinking: /home/shivam/so100/install/so100_description/share/so100_description/urdf/assets/Rotation_Pitch_Motor.stl
[0.442s] -- Symlinking: /home/shivam/so100/install/so100_description/share/so100_description/urdf/assets/Upper_Arm.stl
[0.449s] -- Symlinking: /home/shivam/so100/install/so100_description/share/so100_description/urdf/assets/Upper_Arm_Motor.stl
[0.456s] -- Symlinking: /home/shivam/so100/install/so100_description/share/so100_description/urdf/assets/Wrist_Pitch_Roll.stl
[0.462s] -- Symlinking: /home/shivam/so100/install/so100_description/share/so100_description/urdf/assets/Wrist_Pitch_Roll_Motor.stl
[0.468s] -- Symlinking: /home/shivam/so100/install/so100_description/share/so100_description/urdf/so100 copy.urdf
[0.474s] -- Symlinking: /home/shivam/so100/install/so100_description/share/so100_description/urdf/so100.urdf
[0.480s] -- Symlinking: /home/shivam/so100/install/so100_description/share/so100_description/rviz/so100.rviz
[0.486s] -- Up-to-date symlink: /home/shivam/so100/install/so100_description/share/so100_description/urdf/assets/Base.stl
[0.487s] -- Up-to-date symlink: /home/shivam/so100/install/so100_description/share/so100_description/urdf/assets/Base_Motor.stl
[0.487s] -- Up-to-date symlink: /home/shivam/so100/install/so100_description/share/so100_description/urdf/assets/Fixed_Jaw.stl
[0.487s] -- Up-to-date symlink: /home/shivam/so100/install/so100_description/share/so100_description/urdf/assets/Fixed_Jaw_Motor.stl
[0.487s] -- Up-to-date symlink: /home/shivam/so100/install/so100_description/share/so100_description/urdf/assets/Lower_Arm.stl
[0.488s] -- Up-to-date symlink: /home/shivam/so100/install/so100_description/share/so100_description/urdf/assets/Lower_Arm_Motor.stl
[0.488s] -- Up-to-date symlink: /home/shivam/so100/install/so100_description/share/so100_description/urdf/assets/Moving_Jaw.stl
[0.488s] -- Up-to-date symlink: /home/shivam/so100/install/so100_description/share/so100_description/urdf/assets/Rotation_Pitch.stl
[0.488s] -- Up-to-date symlink: /home/shivam/so100/install/so100_description/share/so100_description/urdf/assets/Rotation_Pitch_Motor.stl
[0.488s] -- Up-to-date symlink: /home/shivam/so100/install/so100_description/share/so100_description/urdf/assets/Upper_Arm.stl
[0.488s] -- Up-to-date symlink: /home/shivam/so100/install/so100_description/share/so100_description/urdf/assets/Upper_Arm_Motor.stl
[0.488s] -- Up-to-date symlink: /home/shivam/so100/install/so100_description/share/so100_description/urdf/assets/Wrist_Pitch_Roll.stl
[0.489s] -- Up-to-date symlink: /home/shivam/so100/install/so100_description/share/so100_description/urdf/assets/Wrist_Pitch_Roll_Motor.stl
[0.489s] -- Symlinking: /home/shivam/so100/install/so100_description/share/ament_index/resource_index/package_run_dependencies/so100_description
[0.494s] -- Symlinking: /home/shivam/so100/install/so100_description/share/ament_index/resource_index/parent_prefix_path/so100_description
[0.500s] -- Symlinking: /home/shivam/so100/install/so100_description/share/so100_description/environment/ament_prefix_path.sh
[0.506s] -- Symlinking: /home/shivam/so100/install/so100_description/share/so100_description/environment/ament_prefix_path.dsv
[0.512s] -- Symlinking: /home/shivam/so100/install/so100_description/share/so100_description/environment/path.sh
[0.518s] -- Symlinking: /home/shivam/so100/install/so100_description/share/so100_description/environment/path.dsv
[0.523s] -- Symlinking: /home/shivam/so100/install/so100_description/share/so100_description/local_setup.bash
[0.533s] -- Symlinking: /home/shivam/so100/install/so100_description/share/so100_description/local_setup.sh
[0.536s] -- Symlinking: /home/shivam/so100/install/so100_description/share/so100_description/local_setup.zsh
[0.542s] -- Symlinking: /home/shivam/so100/install/so100_description/share/so100_description/local_setup.dsv
[0.547s] -- Symlinking: /home/shivam/so100/install/so100_description/share/so100_description/package.dsv
[0.552s] -- Symlinking: /home/shivam/so100/install/so100_description/share/ament_index/resource_index/packages/so100_description
[0.557s] -- Symlinking: /home/shivam/so100/install/so100_description/share/so100_description/cmake/so100_descriptionConfig.cmake
[0.561s] -- Symlinking: /home/shivam/so100/install/so100_description/share/so100_description/cmake/so100_descriptionConfig-version.cmake
[0.566s] -- Symlinking: /home/shivam/so100/install/so100_description/share/so100_description/package.xml
[0.574s] Invoked command in '/home/shivam/so100/build/so100_description' returned '0': CMAKE_PREFIX_PATH=${CMAKE_PREFIX_PATH}:/opt/ros/humble /home/shivam/.local/bin/cmake --install /home/shivam/so100/build/so100_description
