[0mCMake Deprecation Warning at CMakeLists.txt:1 (cmake_minimum_required):
  Compatibility with CMake < 3.10 will be removed from a future version of
  CMake.

  Update the VERSION argument <min> value.  Or, use the <min>...<max> syntax
  to tell CMake that the project requires at least <min> but has been updated
  to work with policies introduced by <max> or earlier.

[0m
-- Found ament_cmake: 1.3.14 (/opt/ros/humble/share/ament_cmake/cmake)
-- Found ament_index_cpp: 1.4.1 (/opt/ros/humble/share/ament_index_cpp/cmake)
-- Found controller_manager: 2.53.1 (/opt/ros/humble/share/controller_manager/cmake)
-- Found rosidl_generator_c: 3.1.8 (/opt/ros/humble/share/rosidl_generator_c/cmake)
-- Found rosidl_adapter: 3.1.8 (/opt/ros/humble/share/rosidl_adapter/cmake)
-- Found rosidl_generator_cpp: 3.1.8 (/opt/ros/humble/share/rosidl_generator_cpp/cmake)
-- Using all available rosidl_typesupport_c: rosidl_typesupport_fastrtps_c;rosidl_typesupport_introspection_c
-- Using all available rosidl_typesupport_cpp: rosidl_typesupport_fastrtps_cpp;rosidl_typesupport_introspection_cpp
-- Found rmw_implementation_cmake: 6.1.2 (/opt/ros/humble/share/rmw_implementation_cmake/cmake)
-- Found rmw_fastrtps_cpp: 6.2.10 (/opt/ros/humble/share/rmw_fastrtps_cpp/cmake)
-- Found TinyXML2 via Config file: TinyXML2_DIR-NOTFOUND
-- Found TinyXML2 via Config file: TinyXML2_DIR-NOTFOUND
-- Found TinyXML2 via Config file: TinyXML2_DIR-NOTFOUND
-- Found TinyXML2 via Config file: TinyXML2_DIR-NOTFOUND
-- Using RMW implementation 'rmw_fastrtps_cpp' as default
-- Found yaml_cpp_vendor: 8.0.2 (/opt/ros/humble/share/yaml_cpp_vendor/cmake)
-- Found ament_lint_auto: 0.12.15 (/opt/ros/humble/share/ament_lint_auto/cmake)
-- Added test 'copyright' to check source files copyright and LICENSE
-- Added test 'cppcheck' to perform static code analysis on C / C++ code
-- Configured cppcheck include dirs: /home/shivam/so100/src/gz_ros2_control/gz_ros2_control/include
-- Configured cppcheck exclude dirs and/or files: 
-- Added test 'cpplint' to check C / C++ code against the Google style
-- Configured cpplint exclude dirs and/or files: 
-- Added test 'lint_cmake' to check CMake code style
-- Added test 'uncrustify' to check C / C++ code style
-- Configured uncrustify additional arguments: 
-- Added test 'xmllint' to check XML markup files
-- Configuring done (1.1s)
-- Generating done (0.0s)
-- Build files have been written to: /home/shivam/so100/build/gz_ros2_control
[ 16%] [32mBuilding CXX object CMakeFiles/gz_hardware_plugins.dir/src/gz_system.cpp.o[0m
[ 33%] [32mBuilding CXX object CMakeFiles/gz_ros2_control-system.dir/src/gz_ros2_control_plugin.cpp.o[0m
[ 50%] [32mBuilding CXX object CMakeFiles/ign_ros2_control-system.dir/src/gz_ros2_control_plugin.cpp.o[0m
In file included from [01m[K/home/shivam/so100/src/gz_ros2_control/gz_ros2_control/include/gz_ros2_control/gz_system.hpp:24[m[K,
                 from [01m[K/home/shivam/so100/src/gz_ros2_control/gz_ros2_control/src/gz_system.cpp:15[m[K:
[01m[K/home/shivam/so100/src/gz_ros2_control/gz_ros2_control/include/gz_ros2_control/gz_system_interface.hpp:28:10:[m[K [01;31m[Kfatal error: [m[Kignition/gazebo/System.hh: No such file or directory
   28 | #include [01;31m[K<ignition/gazebo/System.hh>[m[K
      |          [01;31m[K^~~~~~~~~~~~~~~~~~~~~~~~~~~[m[K
compilation terminated.
gmake[2]: *** [CMakeFiles/gz_hardware_plugins.dir/build.make:79: CMakeFiles/gz_hardware_plugins.dir/src/gz_system.cpp.o] Error 1
gmake[1]: *** [CMakeFiles/Makefile2:191: CMakeFiles/gz_hardware_plugins.dir/all] Error 2
gmake[1]: *** Waiting for unfinished jobs....
[01m[K/home/shivam/so100/src/gz_ros2_control/gz_ros2_control/src/gz_ros2_control_plugin.cpp:35:10:[m[K [01;31m[Kfatal error: [m[Kignition/gazebo/components/Joint.hh: No such file or directory
   35 | #include [01;31m[K<ignition/gazebo/components/Joint.hh>[m[K
      |          [01;31m[K^~~~~~~~~~~~~~~~~~~~~~~~~~~~~~~~~~~~~[m[K
compilation terminated.
gmake[2]: *** [CMakeFiles/ign_ros2_control-system.dir/build.make:79: CMakeFiles/ign_ros2_control-system.dir/src/gz_ros2_control_plugin.cpp.o] Error 1
gmake[1]: *** [CMakeFiles/Makefile2:223: CMakeFiles/ign_ros2_control-system.dir/all] Error 2
[01m[K/home/shivam/so100/src/gz_ros2_control/gz_ros2_control/src/gz_ros2_control_plugin.cpp:35:10:[m[K [01;31m[Kfatal error: [m[Kignition/gazebo/components/Joint.hh: No such file or directory
   35 | #include [01;31m[K<ignition/gazebo/components/Joint.hh>[m[K
      |          [01;31m[K^~~~~~~~~~~~~~~~~~~~~~~~~~~~~~~~~~~~~[m[K
compilation terminated.
gmake[2]: *** [CMakeFiles/gz_ros2_control-system.dir/build.make:79: CMakeFiles/gz_ros2_control-system.dir/src/gz_ros2_control_plugin.cpp.o] Error 1
gmake[1]: *** [CMakeFiles/Makefile2:159: CMakeFiles/gz_ros2_control-system.dir/all] Error 2
gmake: *** [Makefile:146: all] Error 2
