[0.019s] Invoking command in '/home/shivam/so100/build/gz_ros2_control': CMAKE_PREFIX_PATH=${CMAKE_PREFIX_PATH}:/opt/ros/humble /home/shivam/.local/bin/cmake /home/shivam/so100/src/gz_ros2_control/gz_ros2_control -DCMAKE_INSTALL_PREFIX=/home/shivam/so100/install/gz_ros2_control
[0.250s] -- The C compiler identification is GNU 11.4.0
[0.371s] -- The CXX compiler identification is GNU 11.4.0
[0.389s] -- Detecting C compiler ABI info
[0.472s] -- Detecting C compiler ABI info - done
[0.498s] -- Check for working C compiler: /usr/bin/cc - skipped
[0.498s] -- Detecting C compile features
[0.499s] -- Detecting C compile features - done
[0.519s] -- Detecting CXX compiler ABI info
[0.668s] -- Detecting CXX compiler ABI info - done
[0.707s] -- Check for working CXX compiler: /usr/bin/c++ - skipped
[0.708s] -- Detecting CXX compile features
[0.709s] -- Detecting CXX compile features - done
[0.731s] -- Found ament_cmake: 1.3.14 (/opt/ros/humble/share/ament_cmake/cmake)
[1.012s] -- Found Python3: /usr/bin/python3 (found version "3.10.12") found components: Interpreter
[1.141s] -- Found ament_index_cpp: 1.4.1 (/opt/ros/humble/share/ament_index_cpp/cmake)
[1.146s] -- Found controller_manager: 2.53.1 (/opt/ros/humble/share/controller_manager/cmake)
[1.257s] -- Found rosidl_generator_c: 3.1.8 (/opt/ros/humble/share/rosidl_generator_c/cmake)
[1.270s] -- Found rosidl_adapter: 3.1.8 (/opt/ros/humble/share/rosidl_adapter/cmake)
[1.294s] -- Found rosidl_generator_cpp: 3.1.8 (/opt/ros/humble/share/rosidl_generator_cpp/cmake)
[1.326s] -- Using all available rosidl_typesupport_c: rosidl_typesupport_fastrtps_c;rosidl_typesupport_introspection_c
[1.371s] -- Using all available rosidl_typesupport_cpp: rosidl_typesupport_fastrtps_cpp;rosidl_typesupport_introspection_cpp
[1.847s] -- Found rmw_implementation_cmake: 6.1.2 (/opt/ros/humble/share/rmw_implementation_cmake/cmake)
[1.852s] -- Found rmw_fastrtps_cpp: 6.2.10 (/opt/ros/humble/share/rmw_fastrtps_cpp/cmake)
[1.895s] -- Found TinyXML2 via Config file: TinyXML2_DIR-NOTFOUND
[1.977s] -- Found OpenSSL: /usr/lib/x86_64-linux-gnu/libcrypto.so (found version "3.0.2")
[1.982s] -- Found TinyXML2 via Config file: TinyXML2_DIR-NOTFOUND
[2.007s] -- Found FastRTPS: /opt/ros/humble/include
[2.014s] -- Found TinyXML2 via Config file: TinyXML2_DIR-NOTFOUND
[2.028s] -- Found TinyXML2 via Config file: TinyXML2_DIR-NOTFOUND
[2.052s] -- Using RMW implementation 'rmw_fastrtps_cpp' as default
[2.066s] -- Performing Test CMAKE_HAVE_LIBC_PTHREAD
[2.150s] -- Performing Test CMAKE_HAVE_LIBC_PTHREAD - Success
[2.152s] -- Found Threads: TRUE
[2.313s] -- Found yaml_cpp_vendor: 8.0.2 (/opt/ros/humble/share/yaml_cpp_vendor/cmake)
[2.319s] -- Looking for gz-sim8 -- found version 8.11.0
[2.344s] -- Searching for dependencies of gz-sim8
[2.348s] -- Looking for sdformat14 -- found version 14.9.0
[2.349s] -- Searching for dependencies of sdformat14
[2.357s] -- Checking for module 'tinyxml2'
[2.373s] --   Found tinyxml2, version 9.0.0
[2.417s] -- Looking for gz-math7 -- found version 7.6.0
[2.417s] -- Searching for dependencies of gz-math7
[2.421s] -- Looking for gz-utils2 -- found version 2.2.1
[2.421s] -- Searching for dependencies of gz-utils2
[2.425s] -- Looking for gz-utils2 -- found version 2.2.1
[2.426s] -- Searching for dependencies of gz-utils2
[2.426s] -- Searching for <gz-utils2> component [cli]
[2.431s] -- Looking for gz-utils2-cli -- found version 2.2.1
[2.431s] -- Searching for dependencies of gz-utils2-cli
[2.438s] -- Looking for gz-plugin2 -- found version 2.0.4
[2.438s] -- Searching for dependencies of gz-plugin2
[2.439s] -- Looking for gz-utils2 -- found version 2.2.1
[2.440s] -- Searching for <gz-plugin2> component [loader]
[2.443s] -- Looking for gz-plugin2-loader -- found version 2.0.4
[2.444s] -- Searching for dependencies of gz-plugin2-loader
[2.445s] -- Searching for <gz-plugin2> component [register]
[2.448s] -- Looking for gz-plugin2-register -- found version 2.0.4
[2.448s] -- Searching for dependencies of gz-plugin2-register
[2.453s] -- Looking for gz-transport13 -- found version 13.5.0
[2.453s] -- Searching for dependencies of gz-transport13
[2.498s] -- Found Protobuf: /usr/lib/x86_64-linux-gnu/libprotobuf.so (found version "3.12.4")
[2.514s] -- Config-file not installed for ZeroMQ -- checking for pkg-config
[2.521s] -- Checking for module 'libzmq >= 4'
[2.544s] --   Found libzmq, version 4.3.4
[2.593s] -- Found ZeroMQ: TRUE (Required is at least version "4")
[2.605s] -- Checking for module 'uuid'
[2.625s] --   Found uuid, version 2.37.2
[2.683s] -- Found UUID: TRUE
[2.684s] -- Looking for gz-utils2 -- found version 2.2.1
[2.689s] -- Looking for gz-msgs10 -- found version 10.3.2
[2.689s] -- Searching for dependencies of gz-msgs10
[2.721s] -- Looking for gz-utils2 -- found version 2.2.1
[2.722s] -- Looking for gz-math7 -- found version 7.6.0
[2.742s] -- Searching for <gz-transport13> component [log]
[2.746s] -- Looking for gz-transport13-log -- found version 13.5.0
[2.747s] -- Searching for dependencies of gz-transport13-log
[2.748s] -- Searching for <gz-transport13> component [parameters]
[2.753s] -- Looking for gz-transport13-parameters -- found version 13.5.0
[2.753s] -- Searching for dependencies of gz-transport13-parameters
[2.756s] -- Looking for gz-msgs10 -- found version 10.3.2
[2.761s] -- Looking for gz-common5 -- found version 5.8.0
[2.761s] -- Searching for dependencies of gz-common5
[2.762s] -- Looking for gz-utils2 -- found version 2.2.1
[2.763s] -- Looking for dlfcn.h - found
[2.766s] -- Looking for libdl - found
[2.769s] -- Found DL: TRUE
[2.783s] -- Searching for <gz-common5> component [av]
[2.786s] -- Looking for gz-common5-av -- found version 5.8.0
[2.787s] -- Searching for dependencies of gz-common5-av
[2.797s] -- Checking for module 'libswscale'
[2.821s] --   Found libswscale, version 5.9.100
[2.878s] -- Found SWSCALE: TRUE
[2.889s] -- Checking for module 'libavdevice >= 56.4.100'
[2.911s] --   Found libavdevice, version 58.13.100
[2.982s] -- Found AVDEVICE: TRUE (Required is at least version "56.4.100")
[2.994s] -- Checking for module 'libavformat'
[3.019s] --   Found libavformat, version 58.76.100
[3.082s] -- Found AVFORMAT: TRUE
[3.092s] -- Checking for module 'libavcodec'
[3.110s] --   Found libavcodec, version 58.134.100
[3.161s] -- Found AVCODEC: TRUE
[3.170s] -- Checking for module 'libavutil'
[3.188s] --   Found libavutil, version 56.70.100
[3.231s] -- Found AVUTIL: TRUE
[3.233s] -- Searching for <gz-common5> component [events]
[3.236s] -- Looking for gz-common5-events -- found version 5.8.0
[3.237s] -- Searching for dependencies of gz-common5-events
[3.237s] -- Looking for gz-math7 -- found version 7.6.0
[3.239s] -- Searching for <gz-common5> component [graphics]
[3.242s] -- Looking for gz-common5-graphics -- found version 5.8.0
[3.242s] -- Searching for dependencies of gz-common5-graphics
[3.243s] -- Looking for gz-math7 -- found version 7.6.0
[3.261s] -- Found GzAssimp: TRUE (found version "5.2.0")
[3.262s] -- Searching for <gz-common5> component [io]
[3.265s] -- Looking for gz-common5-io -- found version 5.8.0
[3.266s] -- Searching for dependencies of gz-common5-io
[3.267s] -- Searching for <gz-common5> component [profiler]
[3.270s] -- Looking for gz-common5-profiler -- found version 5.8.0
[3.271s] -- Searching for dependencies of gz-common5-profiler
[3.275s] -- Looking for gz-fuel_tools9 -- found version 9.1.1
[3.275s] -- Searching for dependencies of gz-fuel_tools9
[3.381s] -- Found CURL: /usr/lib/x86_64-linux-gnu/libcurl.so (found version "7.81.0")
[3.387s] [31mCMake Error at /usr/lib/x86_64-linux-gnu/cmake/jsoncpp/jsoncppConfig.cmake:2 (cmake_policy):
[3.387s]   Compatibility with CMake < 3.5 has been removed from CMake.
[3.387s] 
[3.387s]   Update the VERSION argument <min> value.  Or, use the <min>...<max> syntax
[3.388s]   to tell CMake that the project requires at least <min> but has been updated
[3.388s]   to work with policies introduced by <max> or earlier.
[3.388s] 
[3.388s]   Or, add -DCMAKE_POLICY_VERSION_MINIMUM=3.5 to try configuring anyway.
[3.388s] Call Stack (most recent call first):
[3.388s]   /usr/share/cmake/gz-cmake3/cmake3/FindJSONCPP.cmake:34 (find_package)
[3.388s]   /usr/lib/x86_64-linux-gnu/cmake/gz-fuel_tools9/gz-fuel_tools9-config.cmake:94 (find_package)
[3.389s]   /usr/lib/x86_64-linux-gnu/cmake/gz-sim8/gz-sim8-config.cmake:97 (find_package)
[3.389s]   CMakeLists.txt:20 (find_package)
[3.389s] 
[3.389s] [0m
[3.389s] -- Configuring incomplete, errors occurred!
[3.409s] Invoked command in '/home/shivam/so100/build/gz_ros2_control' returned '1': CMAKE_PREFIX_PATH=${CMAKE_PREFIX_PATH}:/opt/ros/humble /home/shivam/.local/bin/cmake /home/shivam/so100/src/gz_ros2_control/gz_ros2_control -DCMAKE_INSTALL_PREFIX=/home/shivam/so100/install/gz_ros2_control
