[0mCMake Deprecation Warning at CMakeLists.txt:1 (cmake_minimum_required):
  Compatibility with CMake < 3.10 will be removed from a future version of
  CMake.

  Update the VERSION argument <min> value.  Or, use the <min>...<max> syntax
  to tell CMake that the project requires at least <min> but has been updated
  to work with policies introduced by <max> or earlier.

[0m
[0mCMake Deprecation Warning at /usr/lib/x86_64-linux-gnu/cmake/jsoncpp/jsoncppConfig.cmake:2 (cmake_policy):
  Compatibility with CMake < 3.10 will be removed from a future version of
  CMake.

  Update the VERSION argument <min> value.  Or, use the <min>...<max> syntax
  to tell CMake that the project requires at least <min> but has been updated
  to work with policies introduced by <max> or earlier.
Call Stack (most recent call first):
  /usr/share/cmake/gz-cmake3/cmake3/FindJSONCPP.cmake:34 (find_package)
  /usr/lib/x86_64-linux-gnu/cmake/gz-fuel_tools9/gz-fuel_tools9-config.cmake:94 (find_package)
  /usr/lib/x86_64-linux-gnu/cmake/gz-sim8/gz-sim8-config.cmake:97 (find_package)
  CMakeLists.txt:21 (find_package)

[0m
[31mCMake Error at CMakeLists.txt:49 (find_package):
  By not providing "Findignition-gazebo6.cmake" in CMAKE_MODULE_PATH this
  project has asked CMake to find a package configuration file provided by
  "ignition-gazebo6", but CMake did not find one.

  Could not find a package configuration file provided by "ignition-gazebo6"
  with any of the following names:

    ignition-gazebo6Config.cmake
    ignition-gazebo6-config.cmake

  Add the installation prefix of "ignition-gazebo6" to CMAKE_PREFIX_PATH or
  set "ignition-gazebo6_DIR" to a directory containing one of the above
  files.  If "ignition-gazebo6" provides a separate development package or
  SDK, be sure it has been installed.

[0m
