[0.007s] Invoking command in '/home/shivam/so100/build/so100_description': CMAKE_PREFIX_PATH=${CMAKE_PREFIX_PATH}:/opt/ros/humble /home/shivam/.local/bin/cmake /home/shivam/so100/src/so100_description -DAMENT_CMAKE_SYMLINK_INSTALL=1 -DCMAKE_INSTALL_PREFIX=/home/shivam/so100/install/so100_description
[0.101s] -- The C compiler identification is GNU 11.4.0
[0.154s] -- The CXX compiler identification is GNU 11.4.0
[0.161s] -- Detecting C compiler ABI info
[0.205s] -- Detecting C compiler ABI info - done
[0.216s] -- Check for working C compiler: /usr/bin/cc - skipped
[0.216s] -- Detecting C compile features
[0.216s] -- Detecting C compile features - done
[0.226s] -- Detecting CXX compiler ABI info
[0.279s] -- Detecting CXX compiler ABI info - done
[0.296s] -- Check for working CXX compiler: /usr/bin/c++ - skipped
[0.297s] -- Detecting CXX compile features
[0.297s] -- Detecting CXX compile features - done
[0.305s] -- Found ament_cmake: 1.3.14 (/opt/ros/humble/share/ament_cmake/cmake)
[0.463s] -- Found Python3: /usr/bin/python3 (found version "3.10.12") found components: Interpreter
[0.536s] -- Override CMake install command with custom implementation using symlinks instead of copying resources
[0.570s] -- Found ament_lint_auto: 0.12.15 (/opt/ros/humble/share/ament_lint_auto/cmake)
[0.670s] -- Added test 'lint_cmake' to check CMake code style
[0.672s] -- Added test 'xmllint' to check XML markup files
[0.674s] -- Configuring done (0.6s)
[0.679s] -- Generating done (0.0s)
[0.680s] -- Build files have been written to: /home/shivam/so100/build/so100_description
[0.685s] Invoked command in '/home/shivam/so100/build/so100_description' returned '0': CMAKE_PREFIX_PATH=${CMAKE_PREFIX_PATH}:/opt/ros/humble /home/shivam/.local/bin/cmake /home/shivam/so100/src/so100_description -DAMENT_CMAKE_SYMLINK_INSTALL=1 -DCMAKE_INSTALL_PREFIX=/home/shivam/so100/install/so100_description
[0.688s] Invoking command in '/home/shivam/so100/build/so100_description': CMAKE_PREFIX_PATH=${CMAKE_PREFIX_PATH}:/opt/ros/humble /home/shivam/.local/bin/cmake --build /home/shivam/so100/build/so100_description -- -j12 -l12
[0.859s] Invoked command in '/home/shivam/so100/build/so100_description' returned '0': CMAKE_PREFIX_PATH=${CMAKE_PREFIX_PATH}:/opt/ros/humble /home/shivam/.local/bin/cmake --build /home/shivam/so100/build/so100_description -- -j12 -l12
[0.860s] Invoking command in '/home/shivam/so100/build/so100_description': CMAKE_PREFIX_PATH=${CMAKE_PREFIX_PATH}:/opt/ros/humble /home/shivam/.local/bin/cmake --install /home/shivam/so100/build/so100_description
[0.913s] -- Install configuration: ""
[0.914s] -- Execute custom install script
[0.915s] -- Symlinking: /home/shivam/so100/install/so100_description/share/so100_description/urdf/assets/Base.stl
[0.917s] -- Symlinking: /home/shivam/so100/install/so100_description/share/so100_description/urdf/assets/Base_Motor.stl
[0.920s] -- Symlinking: /home/shivam/so100/install/so100_description/share/so100_description/urdf/assets/Fixed_Jaw.stl
[0.923s] -- Symlinking: /home/shivam/so100/install/so100_description/share/so100_description/urdf/assets/Fixed_Jaw_Motor.stl
[0.925s] -- Symlinking: /home/shivam/so100/install/so100_description/share/so100_description/urdf/assets/Lower_Arm.stl
[0.928s] -- Symlinking: /home/shivam/so100/install/so100_description/share/so100_description/urdf/assets/Lower_Arm_Motor.stl
[0.931s] -- Symlinking: /home/shivam/so100/install/so100_description/share/so100_description/urdf/assets/Moving_Jaw.stl
[0.933s] -- Symlinking: /home/shivam/so100/install/so100_description/share/so100_description/urdf/assets/Rotation_Pitch.stl
[0.936s] -- Symlinking: /home/shivam/so100/install/so100_description/share/so100_description/urdf/assets/Rotation_Pitch_Motor.stl
[0.939s] -- Symlinking: /home/shivam/so100/install/so100_description/share/so100_description/urdf/assets/Upper_Arm.stl
[0.942s] -- Symlinking: /home/shivam/so100/install/so100_description/share/so100_description/urdf/assets/Upper_Arm_Motor.stl
[0.945s] -- Symlinking: /home/shivam/so100/install/so100_description/share/so100_description/urdf/assets/Wrist_Pitch_Roll.stl
[0.948s] -- Symlinking: /home/shivam/so100/install/so100_description/share/so100_description/urdf/assets/Wrist_Pitch_Roll_Motor.stl
[0.951s] -- Symlinking: /home/shivam/so100/install/so100_description/share/so100_description/urdf/so100.urdf
[0.955s] -- Symlinking: /home/shivam/so100/install/so100_description/share/so100_description/rviz/so100.rviz
[0.958s] -- Up-to-date symlink: /home/shivam/so100/install/so100_description/share/so100_description/urdf/assets/Base.stl
[0.958s] -- Up-to-date symlink: /home/shivam/so100/install/so100_description/share/so100_description/urdf/assets/Base_Motor.stl
[0.958s] -- Up-to-date symlink: /home/shivam/so100/install/so100_description/share/so100_description/urdf/assets/Fixed_Jaw.stl
[0.958s] -- Up-to-date symlink: /home/shivam/so100/install/so100_description/share/so100_description/urdf/assets/Fixed_Jaw_Motor.stl
[0.958s] -- Up-to-date symlink: /home/shivam/so100/install/so100_description/share/so100_description/urdf/assets/Lower_Arm.stl
[0.958s] -- Up-to-date symlink: /home/shivam/so100/install/so100_description/share/so100_description/urdf/assets/Lower_Arm_Motor.stl
[0.958s] -- Up-to-date symlink: /home/shivam/so100/install/so100_description/share/so100_description/urdf/assets/Moving_Jaw.stl
[0.959s] -- Up-to-date symlink: /home/shivam/so100/install/so100_description/share/so100_description/urdf/assets/Rotation_Pitch.stl
[0.959s] -- Up-to-date symlink: /home/shivam/so100/install/so100_description/share/so100_description/urdf/assets/Rotation_Pitch_Motor.stl
[0.959s] -- Up-to-date symlink: /home/shivam/so100/install/so100_description/share/so100_description/urdf/assets/Upper_Arm.stl
[0.959s] -- Up-to-date symlink: /home/shivam/so100/install/so100_description/share/so100_description/urdf/assets/Upper_Arm_Motor.stl
[0.959s] -- Up-to-date symlink: /home/shivam/so100/install/so100_description/share/so100_description/urdf/assets/Wrist_Pitch_Roll.stl
[0.959s] -- Up-to-date symlink: /home/shivam/so100/install/so100_description/share/so100_description/urdf/assets/Wrist_Pitch_Roll_Motor.stl
[0.959s] -- Symlinking: /home/shivam/so100/install/so100_description/share/ament_index/resource_index/package_run_dependencies/so100_description
[0.963s] -- Symlinking: /home/shivam/so100/install/so100_description/share/ament_index/resource_index/parent_prefix_path/so100_description
[0.966s] -- Symlinking: /home/shivam/so100/install/so100_description/share/so100_description/environment/ament_prefix_path.sh
[0.969s] -- Symlinking: /home/shivam/so100/install/so100_description/share/so100_description/environment/ament_prefix_path.dsv
[0.972s] -- Symlinking: /home/shivam/so100/install/so100_description/share/so100_description/environment/path.sh
[0.975s] -- Symlinking: /home/shivam/so100/install/so100_description/share/so100_description/environment/path.dsv
[0.979s] -- Symlinking: /home/shivam/so100/install/so100_description/share/so100_description/local_setup.bash
[0.982s] -- Symlinking: /home/shivam/so100/install/so100_description/share/so100_description/local_setup.sh
[0.986s] -- Symlinking: /home/shivam/so100/install/so100_description/share/so100_description/local_setup.zsh
[0.989s] -- Symlinking: /home/shivam/so100/install/so100_description/share/so100_description/local_setup.dsv
[0.994s] -- Symlinking: /home/shivam/so100/install/so100_description/share/so100_description/package.dsv
[0.996s] -- Symlinking: /home/shivam/so100/install/so100_description/share/ament_index/resource_index/packages/so100_description
[1.001s] -- Symlinking: /home/shivam/so100/install/so100_description/share/so100_description/cmake/so100_descriptionConfig.cmake
[1.004s] -- Symlinking: /home/shivam/so100/install/so100_description/share/so100_description/cmake/so100_descriptionConfig-version.cmake
[1.008s] -- Symlinking: /home/shivam/so100/install/so100_description/share/so100_description/package.xml
[1.013s] Invoked command in '/home/shivam/so100/build/so100_description' returned '0': CMAKE_PREFIX_PATH=${CMAKE_PREFIX_PATH}:/opt/ros/humble /home/shivam/.local/bin/cmake --install /home/shivam/so100/build/so100_description
