[0.010s] Invoking command in '/home/shivam/so100/build/gz_ros2_control': CMAKE_PREFIX_PATH=${CMAKE_PREFIX_PATH}:/opt/ros/humble /home/shivam/.local/bin/cmake /home/shivam/so100/src/gz_ros2_control/gz_ros2_control -DCMAKE_INSTALL_PREFIX=/home/shivam/so100/install/gz_ros2_control
[0.120s] [0mCMake Deprecation Warning at CMakeLists.txt:1 (cmake_minimum_required):
[0.120s]   Compatibility with CMake < 3.10 will be removed from a future version of
[0.120s]   CMake.
[0.120s] 
[0.120s]   Update the VERSION argument <min> value.  Or, use the <min>...<max> syntax
[0.120s]   to tell CMake that the project requires at least <min> but has been updated
[0.120s]   to work with policies introduced by <max> or earlier.
[0.120s] 
[0.121s] [0m
[0.132s] -- Found ament_cmake: 1.3.14 (/opt/ros/humble/share/ament_cmake/cmake)
[0.497s] -- Found ament_index_cpp: 1.4.1 (/opt/ros/humble/share/ament_index_cpp/cmake)
[0.499s] -- Found controller_manager: 2.53.1 (/opt/ros/humble/share/controller_manager/cmake)
[0.593s] -- Found rosidl_generator_c: 3.1.8 (/opt/ros/humble/share/rosidl_generator_c/cmake)
[0.601s] -- Found rosidl_adapter: 3.1.8 (/opt/ros/humble/share/rosidl_adapter/cmake)
[0.623s] -- Found rosidl_generator_cpp: 3.1.8 (/opt/ros/humble/share/rosidl_generator_cpp/cmake)
[0.656s] -- Using all available rosidl_typesupport_c: rosidl_typesupport_fastrtps_c;rosidl_typesupport_introspection_c
[0.700s] -- Using all available rosidl_typesupport_cpp: rosidl_typesupport_fastrtps_cpp;rosidl_typesupport_introspection_cpp
[1.017s] -- Found rmw_implementation_cmake: 6.1.2 (/opt/ros/humble/share/rmw_implementation_cmake/cmake)
[1.019s] -- Found rmw_fastrtps_cpp: 6.2.10 (/opt/ros/humble/share/rmw_fastrtps_cpp/cmake)
[1.053s] -- Found TinyXML2 via Config file: TinyXML2_DIR-NOTFOUND
[1.070s] -- Found TinyXML2 via Config file: TinyXML2_DIR-NOTFOUND
[1.096s] -- Found TinyXML2 via Config file: TinyXML2_DIR-NOTFOUND
[1.109s] -- Found TinyXML2 via Config file: TinyXML2_DIR-NOTFOUND
[1.124s] -- Using RMW implementation 'rmw_fastrtps_cpp' as default
[1.261s] -- Found yaml_cpp_vendor: 8.0.2 (/opt/ros/humble/share/yaml_cpp_vendor/cmake)
[1.276s] [31mCMake Error at CMakeLists.txt:40 (find_package):
[1.276s]   By not providing "Findignition-gazebo6.cmake" in CMAKE_MODULE_PATH this
[1.276s]   project has asked CMake to find a package configuration file provided by
[1.277s]   "ignition-gazebo6", but CMake did not find one.
[1.277s] 
[1.277s]   Could not find a package configuration file provided by "ignition-gazebo6"
[1.277s]   with any of the following names:
[1.277s] 
[1.277s]     ignition-gazebo6Config.cmake
[1.277s]     ignition-gazebo6-config.cmake
[1.277s] 
[1.277s]   Add the installation prefix of "ignition-gazebo6" to CMAKE_PREFIX_PATH or
[1.277s]   set "ignition-gazebo6_DIR" to a directory containing one of the above
[1.277s]   files.  If "ignition-gazebo6" provides a separate development package or
[1.277s]   SDK, be sure it has been installed.
[1.277s] 
[1.278s] [0m
[1.278s] -- Configuring incomplete, errors occurred!
[1.288s] Invoked command in '/home/shivam/so100/build/gz_ros2_control' returned '1': CMAKE_PREFIX_PATH=${CMAKE_PREFIX_PATH}:/opt/ros/humble /home/shivam/.local/bin/cmake /home/shivam/so100/src/gz_ros2_control/gz_ros2_control -DCMAKE_INSTALL_PREFIX=/home/shivam/so100/install/gz_ros2_control
